Log file open, 05/18/17 20:52:37
LogInit:Display: Running engine for game: AbilityFighter2D
LogPlatformFile: Not using cached read wrapper
LogInit:Display: RandInit(-889134340) SRandInit(-889134340).
LogTaskGraph: Started task graph with 5 named threads and 6 total threads with 1 sets of task threads.
LogStats: Stats thread started at 5.508723
LogInit: Using libcurl 7.47.1
LogInit:  - built for x86_64-pc-win32
LogInit:  - supports SSL with OpenSSL/1.0.2g
LogInit:  - supports HTTP deflate (compression) using libz 1.2.8
LogInit:  - other features:
LogInit:      CURL_VERSION_SSL
LogInit:      CURL_VERSION_LIBZ
LogInit:      CURL_VERSION_IPV6
LogInit:      CURL_VERSION_ASYNCHDNS
LogInit:      CURL_VERSION_LARGEFILE
LogInit:      CURL_VERSION_IDN
LogInit:  CurlRequestOptions (configurable via config and command line):
LogInit:  - bVerifyPeer = false  - Libcurl will NOT verify peer certificate
LogInit:  - bUseHttpProxy = false  - Libcurl will NOT use HTTP proxy
LogInit:  - bDontReuseConnections = false  - Libcurl will reuse connections
LogInit:  - CertBundlePath = nullptr  - Libcurl will use whatever was configured at build time.
LogInit: Build: ++UE4+Release-4.15-CL-3416026
LogInit: Engine Version: 4.15.2-3416026+++UE4+Release-4.15
LogInit: Compatible Engine Version: 4.15.0-3299760+++UE4+Release-4.15
LogInit: Net CL: 3299760
LogDevObjectVersion: Number of dev versions registered: 14
LogDevObjectVersion:   Dev-Blueprints (B0D832E4-1F89-4F0D-ACCF-7EB736FD4AA2): 8
LogDevObjectVersion:   Dev-Build (E1C64328-A22C-4D53-A36C-8E866417BD8C): 0
LogDevObjectVersion:   Dev-Core (375EC13C-06E4-48FB-B500-84F0262A717E): 2
LogDevObjectVersion:   Dev-Editor (E4B068ED-F494-42E9-A231-DA0B2E46BB41): 14
LogDevObjectVersion:   Dev-Framework (CFFC743F-43B0-4480-9391-14DF171D2073): 22
LogDevObjectVersion:   Dev-Mobile (B02B49B5-BB20-44E9-A304-32B752E40360): 0
LogDevObjectVersion:   Dev-Networking (A4E4105C-59A1-49B5-A7C5-40C4547EDFEE): 0
LogDevObjectVersion:   Dev-Online (39C831C9-5AE6-47DC-9A44-9C173E1C8E7C): 0
LogDevObjectVersion:   Dev-Physics (78F01B33-EBEA-4F98-B9B4-84EACCB95AA2): 0
LogDevObjectVersion:   Dev-Platform (6631380F-2D4D-43E0-8009-CF276956A95A): 0
LogDevObjectVersion:   Dev-Rendering (12F88B9F-8875-4AFC-A67C-D90C383ABD29): 12
LogDevObjectVersion:   Dev-Sequencer (7B5AE74C-D270-4C10-A958-57980B212A5A): 3
LogDevObjectVersion:   Dev-VR (D7296918-1DD6-4BDD-9DE2-64A83CC13884): 0
LogDevObjectVersion:   Dev-LoadTimes (C2A15278-BFE7-4AFE-6C17-90FF531DF755): 1
LogInit: Compiled (64-bit): May  1 2017 13:11:28
LogInit: Compiled with Visual C++: 19.00.23026.00
LogInit: Build Configuration: Development
LogInit: Branch Name: ++UE4+Release-4.15
LogInit: Command line: -EpicPortal 
LogInit: Base directory: C:/Program Files/Epic Games/UE_4.15/Engine/Binaries/Win64/
LogInit: Installed Engine Build: 1
LogInit: Presizing for max 8388607 objects, including 0 objects not considered by GC, pre-allocating 0 bytes for permanent pool.
LogInit: Object subsystem initialized
[2017.05.19-03.52.40:848][  0]LogInit: Selected Device Profile: [Windows]
[2017.05.19-03.52.40:848][  0]LogInit: Applying CVar settings loaded from the selected device profile: [Windows]
[2017.05.19-03.52.40:940][  0]LogInit: Computer: GOSU-HP
[2017.05.19-03.52.40:940][  0]LogInit: User: gosu
[2017.05.19-03.52.40:940][  0]LogInit: CPU Page size=65536, Cores=1
[2017.05.19-03.52.40:940][  0]LogInit: High frequency timer resolution =3.704335 MHz
[2017.05.19-03.52.40:941][  0]LogMemory: Memory total: Physical=6.9GB (7GB approx)
[2017.05.19-03.52.40:941][  0]LogMemory: Platform Memory Stats for Windows
[2017.05.19-03.52.40:941][  0]LogMemory: Process Physical Memory: 261.56 MB used, 261.56 MB peak
[2017.05.19-03.52.40:941][  0]LogMemory: Process Virtual Memory: 263.50 MB used, 263.50 MB peak
[2017.05.19-03.52.40:941][  0]LogMemory: Physical Memory: 5332.30 MB used,  1780.12 MB free, 7112.42 MB total
[2017.05.19-03.52.40:941][  0]LogMemory: Virtual Memory: 624.68 MB used,  1780.12 MB free, 8388608.00 MB total
[2017.05.19-03.52.47:178][  0]LogTextLocalizationManager: No specific translations for ('en-US') exist, so ('en') translations will be used.
[2017.05.19-03.52.57:559][  0]LogD3D11RHI: D3D11 adapters:
[2017.05.19-03.52.57:645][  0]LogD3D11RHI:    0. 'AMD Radeon HD 8470D' (Feature Level 11_0)
[2017.05.19-03.52.57:645][  0]LogD3D11RHI:       992/0/3300 MB DedicatedVideo/DedicatedSystem/SharedSystem, Outputs:1, VendorId:0x1002
[2017.05.19-03.52.57:645][  0]LogD3D11RHI: Chosen D3D11 Adapter: 0
[2017.05.19-03.52.57:673][  0]LogD3D11RHI: Creating new Direct3DDevice
[2017.05.19-03.52.57:673][  0]LogD3D11RHI:     GPU DeviceId: 0x9996 (for the marketing name, search the web for "GPU Device Id")
[2017.05.19-03.52.57:673][  0]LogWindows: EnumDisplayDevices:
[2017.05.19-03.52.57:674][  0]LogWindows:    0. 'AMD Radeon HD 8470D' (P:1 D:1)
[2017.05.19-03.52.57:674][  0]LogWindows:    1. 'AMD Radeon HD 8470D' (P:0 D:0)
[2017.05.19-03.52.57:675][  0]LogWindows:    2. 'AMD Radeon HD 8470D' (P:0 D:0)
[2017.05.19-03.52.57:675][  0]LogWindows:    3. 'RDPDD Chained DD' (P:0 D:0)
[2017.05.19-03.52.57:675][  0]LogWindows:    4. 'RDP Encoder Mirror Driver' (P:0 D:0)
[2017.05.19-03.52.57:675][  0]LogWindows:    5. 'RDP Reflector Display Driver' (P:0 D:0)
[2017.05.19-03.52.57:676][  0]LogWindows: DebugString: GetVideoDriverDetailsInvalid PrimaryIsNotTheChoosenAdapter GetVideoDriverDetailsInvalid PrimaryIsNotTheChoosenAdapter GetVideoDriverDetailsInvalid PrimaryIsNotTheChoosenAdapter FoundDriverCount:3 
[2017.05.19-03.52.57:676][  0]LogD3D11RHI:     Adapter Name: AMD Radeon HD 8470D
[2017.05.19-03.52.57:676][  0]LogD3D11RHI:   Driver Version: Catalyst 15.7.1 (internal:15.200.1062.1004, unified:15.200.1062.1004)
[2017.05.19-03.52.57:676][  0]LogD3D11RHI:      Driver Date: 8-3-2015
[2017.05.19-03.52.57:676][  0]LogRHI: Texture pool is 694 MB (70% of 992 MB)
[2017.05.19-03.52.57:772][  0]LogD3D11RHI: AMD Pre GCN architecture detected, some driver workarounds will be in place
[2017.05.19-03.52.57:784][  0]LogD3D11RHI: Async texture creation enabled
[2017.05.19-03.52.57:804][  0]LogD3D11RHI: GPU Timing Frequency: 50.000000 (Debug: 2 1)
[2017.05.19-03.52.57:805][  0]LogShaderCompilers: Guid format shader working directory is 0 characters bigger than the processId version (../../../../../../Dev/Unreal/AbilityFighter2D/Intermediate/Shaders/WorkingDirectory/3340/).
[2017.05.19-03.52.57:827][  0]LogShaderCompilers: Cleaned the shader compiler working directory 'C:/Users/gosu/AppData/Local/Temp/UnrealShaderWorkingDir/3E1759E54856D259D130DFB0856C5189/'.
[2017.05.19-03.52.57:827][  0]LogShaderCompilers:Display: Using Local Shader Compiler.
[2017.05.19-03.53.18:533][  0]LogTemp:Display: Loaded TP AllDesktopTargetPlatform
[2017.05.19-03.53.18:706][  0]LogTemp:Display: Loaded TP MacClientTargetPlatform
[2017.05.19-03.53.18:865][  0]LogTemp:Display: Loaded TP MacNoEditorTargetPlatform
[2017.05.19-03.53.19:308][  0]LogTemp:Display: Loaded TP MacServerTargetPlatform
[2017.05.19-03.53.19:688][  0]LogTemp:Display: Loaded TP MacTargetPlatform
[2017.05.19-03.53.19:843][  0]LogTemp:Display: Loaded TP WindowsClientTargetPlatform
[2017.05.19-03.53.20:008][  0]LogTemp:Display: Loaded TP WindowsNoEditorTargetPlatform
[2017.05.19-03.53.20:218][  0]LogTemp:Display: Loaded TP WindowsServerTargetPlatform
[2017.05.19-03.53.20:435][  0]LogTemp:Display: Loaded TP WindowsTargetPlatform
[2017.05.19-03.53.20:684][  0]LogTemp:Display: Loaded TP AndroidTargetPlatform
[2017.05.19-03.53.21:089][  0]LogTemp:Display: Loaded TP Android_ASTCTargetPlatform
[2017.05.19-03.53.21:285][  0]LogTemp:Display: Loaded TP Android_ATCTargetPlatform
[2017.05.19-03.53.21:593][  0]LogTemp:Display: Loaded TP Android_DXTTargetPlatform
[2017.05.19-03.53.21:875][  0]LogTemp:Display: Loaded TP Android_ETC1TargetPlatform
[2017.05.19-03.53.22:156][  0]LogTemp:Display: Loaded TP Android_ETC2TargetPlatform
[2017.05.19-03.53.22:706][  0]LogTemp:Display: Loaded TP Android_MultiTargetPlatform
[2017.05.19-03.53.22:706][  0]LogTemp:Display: Loaded TP Android_PVRTCTargetPlatform
[2017.05.19-03.53.23:129][  0]LogTemp:Display: Loaded TP HTML5TargetPlatform
[2017.05.19-03.53.24:125][  0]LogTemp:Display: Loaded TP IOSTargetPlatform
[2017.05.19-03.53.24:195][  0]LogTemp:Display: Loaded TP TVOSTargetPlatform
[2017.05.19-03.53.24:457][  0]LogTemp:Display: Loaded TP LinuxClientTargetPlatform
[2017.05.19-03.53.24:808][  0]LogTemp:Display: Loaded TP LinuxNoEditorTargetPlatform
[2017.05.19-03.53.25:092][  0]LogTemp:Display: Loaded TP LinuxServerTargetPlatform
[2017.05.19-03.53.25:494][  0]LogTemp:Display: Loaded TP LinuxTargetPlatform
[2017.05.19-03.53.25:494][  0]LogTargetPlatformManager:Display: Building Assets For Windows
[2017.05.19-03.53.32:298][  0]LogDerivedDataCache:Display: Max Cache Size: 512 MB
[2017.05.19-03.53.42:908][  0]LogDerivedDataCache: Loaded boot cache 10.61s 50MB C:/Users/gosu/AppData/Local/UnrealEngine/4.15/DerivedDataCache/Boot.ddc.
[2017.05.19-03.53.42:908][  0]LogDerivedDataCache:Display: Loaded Boot cache: C:/Users/gosu/AppData/Local/UnrealEngine/4.15/DerivedDataCache/Boot.ddc
[2017.05.19-03.53.42:908][  0]LogDerivedDataCache: FDerivedDataBackendGraph:  Pak pak cache file ../../../../../../Dev/Unreal/AbilityFighter2D/DerivedDataCache/DDC.ddp not found, will not use a pak cache.
[2017.05.19-03.53.42:908][  0]LogDerivedDataCache: Unable to find inner node Pak for hierarchical cache Hierarchy.
[2017.05.19-03.53.42:908][  0]LogDerivedDataCache: FDerivedDataBackendGraph:  CompressedPak pak cache file ../../../../../../Dev/Unreal/AbilityFighter2D/DerivedDataCache/Compressed.ddp not found, will not use a pak cache.
[2017.05.19-03.53.42:908][  0]LogDerivedDataCache: Unable to find inner node CompressedPak for hierarchical cache Hierarchy.
[2017.05.19-03.53.42:978][  0]LogDerivedDataCache:Display: Pak cache opened for reading ../../../Engine/DerivedDataCache/Compressed.ddp.
[2017.05.19-03.53.42:990][  0]LogDerivedDataCache: Using Local data cache path C:/Users/gosu/AppData/Local/UnrealEngine/Common/DerivedDataCache: Writable
[2017.05.19-03.53.43:012][  0]LogSlate: Using Freetype 2.6.0
[2017.05.19-03.53.43:044][  0]LogSlate: SlateFontCache - WITH_FREETYPE: 1, WITH_HARFBUZZ: 1
[2017.05.19-03.53.43:044][  0]LogSlate: SlateFontCache - WITH_FREETYPE: 1, WITH_HARFBUZZ: 1
[2017.05.19-03.53.58:792][  0]LogInit: Selected Device Profile: [Windows]
[2017.05.19-03.53.58:798][  0]LogContentStreaming: Texture pool size is 0.00 MB
[2017.05.19-03.53.59:417][  0]LogMeshUtilities: Using QuadricMeshReduction for automatic static mesh reduction
[2017.05.19-03.53.59:991][  0]LogSimplygon: Simplygon DLL not present - disabling.
[2017.05.19-03.54.00:243][  0]LogMeshUtilities: Using SimplygonSwarm for distributed automatic mesh merging
[2017.05.19-03.54.00:243][  0]LogMeshUtilities: No automatic skeletal mesh reduction module available
[2017.05.19-03.54.00:243][  0]LogMeshUtilities: No automatic mesh merging module available
[2017.05.19-03.54.05:599][  0]LogNetVersion: GetLocalNetworkVersion: CL: 3299760, ProjectName: abilityfighter2d, ProjectVersion: , EngineNetworkVersion: 2, GameNetworkVersion: 0, NetworkChecksum: 3069715360
[2017.05.19-03.54.05:692][  0]LogAssetRegistry: FAssetRegistry took 0.0197 seconds to start up
[2017.05.19-03.54.05:786][  0]LogPackageLocalizationCache: Processed 3 localized package path(s) for 2 prioritized culture(s) in 0.053180 seconds
[2017.05.19-03.54.05:796][  0]LogUObjectArray: 32493 objects as part of root set at end of initial load.
[2017.05.19-03.54.05:796][  0]LogUObjectAllocator: 7077032 out of 0 bytes used by permanent object pool.
[2017.05.19-03.54.05:796][  0]LogUObjectArray: CloseDisregardForGC: 0/0 objects in disregard for GC pool
[2017.05.19-03.54.05:908][  0]LogInit: WinSock: version 1.1 (2.2), MaxSocks=32767, MaxUdp=65467
[2017.05.19-03.55.22:591][  0]LogTcpMessaging: Initializing TcpMessaging bridge
[2017.05.19-03.55.22:720][  0]LogUdpMessaging: Initializing bridge on interface 0.0.0.0:0 to multicast group 230.0.0.1:6666.
[2017.05.19-03.55.25:589][  0]LogMaterial: Uniform references updated for custom material expression Custom.
[2017.05.19-03.55.27:816][  0]SourceControl: Info Source control is disabled
[2017.05.19-03.55.29:249][  0]SourceControl: Info Source control is disabled
[2017.05.19-03.55.29:467][  0]SourceControl: Info Source control is disabled
[2017.05.19-03.55.29:670][  0]SourceControl: Info Source control is disabled
[2017.05.19-03.55.37:175][  0]LogEngine: Initializing Engine...
[2017.05.19-03.55.37:223][  0]LogHMD: Failed to initialize OpenVR with code 110
[2017.05.19-03.55.37:525][  0]LogStats: UGameplayTagsManager::ConstructGameplayTagTree: Construct from data asset -  0.000 s
[2017.05.19-03.55.37:527][  0]LogStats: UGameplayTagsManager::ConstructGameplayTagTree: GameplayTagTreeChangedEvent.Broadcast -  0.000 s
[2017.05.19-03.55.40:533][  0]LogAIModule: Creating AISystem for world Untitled
[2017.05.19-03.55.40:982][  0]LogInit: XAudio2 using 'Headset Earphone (Corsair VOID RGB Wireless Gaming Headset)' : 2 channels at 44.1 kHz using 16 bits per sample (channel mask 0x3)
[2017.05.19-03.55.41:075][  0]LogInit: FAudioDevice initialized.
[2017.05.19-03.55.41:132][  0]LogDerivedDataCache: Saved boot cache 0.06s 50MB C:/Users/gosu/AppData/Local/UnrealEngine/4.15/DerivedDataCache/Boot.ddc.
[2017.05.19-03.55.41:150][  0]LogInit: Texture streaming: Enabled
[2017.05.19-03.55.41:561][  0]LogEngineSessionManager: EngineSessionManager initialized
[2017.05.19-03.55.43:139][  0]LogInit: Transaction tracking system initialized
[2017.05.19-03.55.47:307][  0]BlueprintLog: New page: Editor Load
[2017.05.19-03.55.55:686][  0]LogInit:Warning: CVar named 'r.MobileHDR' marked up in RendererSettings was not found or is set to read-only
[2017.05.19-03.55.57:281][  0]LocalizationService: Info Localization service is disabled
[2017.05.19-03.56.05:212][  0]LogConsoleResponse:Display: 
[2017.05.19-03.56.11:075][  0]LogFileCache: Scanning file cache for directory 'C:/Dev/Unreal/AbilityFighter2D/Content/' took 0.01s
[2017.05.19-03.56.11:075][  0]LogCook:Display: Max memory allowance for cook 16384mb min free memory 0mb
[2017.05.19-03.56.11:076][  0]LogCook:Display: Mobile HDR setting 1
[2017.05.19-03.56.21:687][  0]SourceControl: Info Source control is disabled
[2017.05.19-03.56.22:084][  0]Cmd: MAP LOAD FILE="../../../../../../Dev/Unreal/AbilityFighter2D/Content/2DSideScrollerBP/Maps/2DSideScrollerExampleMap.umap" TEMPLATE=0 SHOWPROGRESS=1 FEATURELEVEL=3
[2017.05.19-03.56.22:290][  0]LightingResults: New page: Lighting Build
[2017.05.19-03.56.23:244][  0]MapCheck: New page: Map Check
[2017.05.19-03.56.23:244][  0]LightingResults: New page: Lighting Build
[2017.05.19-03.56.30:590][  0]LogAIModule: Creating AISystem for world 2DSideScrollerExampleMap
[2017.05.19-03.56.33:122][  0]LogEditorServer: Finished looking for orphan Actors (0.000 secs)
[2017.05.19-03.56.33:208][  0]Cmd: MAP CHECKDEP NOCLEARLOG
[2017.05.19-03.56.33:328][  0]MapCheck: Info Map check complete: 0 Error(s), 0 Warning(s), took 119.823ms to complete.
[2017.05.19-03.56.33:328][  0]LogFileHelpers: Loading map '2DSideScrollerExampleMap' took 11.514
[2017.05.19-03.56.40:208][  0]LogCollectionManager: Loaded 0 collections in 0.020655 seconds
[2017.05.19-03.56.42:070][  0]LogFileCache: Scanning file cache for directory 'C:/Dev/Unreal/AbilityFighter2D/Saved/Collections/' took 0.01s
[2017.05.19-03.56.42:070][  0]LogFileCache: Scanning file cache for directory 'C:/Dev/Unreal/AbilityFighter2D/Content/Developers/gosu/Collections/' took 0.01s
[2017.05.19-03.56.42:070][  0]LogFileCache: Scanning file cache for directory 'C:/Dev/Unreal/AbilityFighter2D/Content/Collections/' took 0.01s
[2017.05.19-03.56.42:070][  0]LogCollectionManager: Rebuilt the GUID cache for 0 collections in 0.000004 seconds
[2017.05.19-03.56.42:627][  0]LogContentBrowser: Native class hierarchy populated in 0.1740 seconds. Added 2245 classes and 453 folders.
[2017.05.19-03.56.43:137][  0]LogContentBrowser: Native class hierarchy updated for 'WidgetCarousel' in 0.0023 seconds. Added 0 classes and 0 folders.
[2017.05.19-03.56.46:939][  0]LogContentBrowser: Native class hierarchy updated for 'AddContentDialog' in 0.0010 seconds. Added 0 classes and 0 folders.
[2017.05.19-03.56.47:198][  0]LogContentBrowser: Native class hierarchy updated for 'SceneOutliner' in 0.0009 seconds. Added 1 classes and 2 folders.
[2017.05.19-03.56.49:405][  0]LogCrashTracker: Crashtracker disabled due to settings.
[2017.05.19-03.56.49:820][  0]LogUObjectGlobals:Warning: Failed to find object 'Class None.'
[2017.05.19-03.56.50:590][  0]LogContentBrowser: Native class hierarchy updated for 'HierarchicalLODOutliner' in 0.0010 seconds. Added 1 classes and 2 folders.
[2017.05.19-03.56.50:590][  0]LogLoad: (Engine Initialization) Total time: 331.15 seconds
[2017.05.19-03.56.50:590][  0]LogLoad: (Engine Initialization) Total Blueprint compile time: 2.35 seconds
[2017.05.19-03.56.50:590][  0]LogExternalProfiler: No external profilers were discovered.  External profiling features will not be available.
[2017.05.19-03.56.50:964][  0]LogOcInput: OculusInput pre-init called
[2017.05.19-03.56.51:158][  0]LogContentStreaming: Texture pool size now 400 MB
[2017.05.19-03.56.51:417][  0]LogSlate: Took 0.046030 seconds to synchronously load lazily loaded font '../../../Engine/Content/Slate/Fonts/Roboto-Regular.ttf' (155K)
[2017.05.19-03.56.51:546][  0]LogSlate: Took 0.030782 seconds to synchronously load lazily loaded font '../../../Engine/Content/Slate/Fonts/Roboto-Bold.ttf' (160K)
[2017.05.19-03.56.51:582][  0]LogSlate: Took 0.027257 seconds to synchronously load lazily loaded font '../../../Engine/Content/Editor/Slate/Fonts/FontAwesome.ttf' (139K)
[2017.05.19-03.56.53:543][  0]LogRenderer: Reallocating scene render targets to support 1208x584 NumSamples 1 (Frame:2).
[2017.05.19-03.56.57:053][  1]LogSlate: Took 0.035654 seconds to synchronously load lazily loaded font '../../../Engine/Content/Slate/Fonts/Roboto-Light.ttf' (159K)
[2017.05.19-03.56.57:470][  3]LogAssetRegistry: Asset discovery search completed in 171.7917 seconds
[2017.05.19-03.56.57:470][  3]LogCollectionManager: Rebuilt the object cache for 0 collections in 0.000009 seconds (found 0 objects)
[2017.05.19-03.56.57:496][  3]LogCollectionManager: Fixed up redirectors for 0 collections in 0.000028 seconds (updated 0 objects)
[2017.05.19-04.11.05:716][897]SourceControl: Info On branch master
[2017.05.19-04.11.05:716][897]SourceControl: Info Your branch is up-to-date with 'origin/master'.
[2017.05.19-04.11.05:716][897]SourceControl: Info nothing to commit, working tree clean
[2017.05.19-04.11.17:297][335]LogEditorViewport: Clicking on Actor (LMB): TextRenderActor (TemplateLabel)
[2017.05.19-04.11.28:581][616]LogEditorViewport: Clicking on Actor (LMB): PaperSpriteActor (Background_Sprite)
[2017.05.19-04.24.07:531][974]LogSlate: Took 0.021660 seconds to synchronously load lazily loaded font '../../../Engine/Content/Slate/Fonts/Roboto-Light.ttf' (159K)
[2017.05.19-04.24.08:688][974]LogSavePackage: Save=892.96ms
[2017.05.19-04.24.08:688][974]LogSavePackage: Moving '../../../../../../Dev/Unreal/AbilityFighter2D/Saved/2DSideScrollerExampleMap852913FF489164C9CE544A8AA24E6B67.tmp' to '../../../../../../Dev/Unreal/AbilityFighter2D/Content/2DSideScrollerBP/Maps/2DSideScrollerExampleMap.umap'
[2017.05.19-04.24.08:698][974]LogSavePackage:Display: Finished SavePackage ../../../../../../Dev/Unreal/AbilityFighter2D/Content/2DSideScrollerBP/Maps/2DSideScrollerExampleMap.umap
[2017.05.19-04.24.08:860][974]LogSavePackage: Save=2.42ms
[2017.05.19-04.24.08:860][974]LogSavePackage: Moving '../../../../../../Dev/Unreal/AbilityFighter2D/Saved/2DSideScrollerExampleMap_BuiltData6F95F887491FB09775FB8181145645A9.tmp' to '../../../../../../Dev/Unreal/AbilityFighter2D/Content/2DSideScrollerBP/Maps/2DSideScrollerExampleMap_BuiltData.uasset'
[2017.05.19-04.24.08:862][974]LogSavePackage:Display: Finished SavePackage ../../../../../../Dev/Unreal/AbilityFighter2D/Content/2DSideScrollerBP/Maps/2DSideScrollerExampleMap_BuiltData.uasset
[2017.05.19-04.24.13:834][ 77]SourceControl: Info fatal: C:/Program Files/Epic Games/UE_4.15/Engine/Content/: 'C:/Program Files/Epic Games/UE_4.15/Engine/Content/' is outside repository
[2017.05.19-04.24.14:975][ 77]LogPackageName:Error: Illegal call to DoesPackageExist: '../../../../../../Dev/Unreal/AbilityFighter2D/AbilityFighter2D.uproject' is not a standard unreal filename or a long path name. Reason: Path should be no less than 4 characters long.
[2017.05.19-04.24.16:117][ 77]LogStats: FPlatformStackWalk::StackWalkAndDump -  1.139 s
[2017.05.19-04.24.16:117][ 77]LogOutputDevice:Error: === Handled ensure: ===
[2017.05.19-04.24.16:117][ 77]LogOutputDevice:Error: 
[2017.05.19-04.24.16:117][ 77]LogOutputDevice:Error: Ensure condition failed: false [File:D:\Build\++UE4+Release-4.15+Compile\Sync\Engine\Source\Runtime\CoreUObject\Private\Misc\PackageName.cpp] [Line: 650]
[2017.05.19-04.24.16:117][ 77]LogOutputDevice:Error: Illegal call to DoesPackageExist: '../../../../../../Dev/Unreal/AbilityFighter2D/AbilityFighter2D.uproject' is not a standard unreal filename or a long path name. Reason: Path should be no less than 4 characters long.
[2017.05.19-04.24.16:117][ 77]LogOutputDevice:Error: Stack: 
[2017.05.19-04.24.16:117][ 77]LogOutputDevice:Error: UE4Editor-Core.dll!0x00000000DC4D95E6
[2017.05.19-04.24.16:117][ 77]LogOutputDevice:Error: UE4Editor-Core.dll!0x00000000DC289B82
[2017.05.19-04.24.16:117][ 77]LogOutputDevice:Error: UE4Editor-Core.dll!0x00000000DC29B666
[2017.05.19-04.24.16:118][ 77]LogOutputDevice:Error: UE4Editor-CoreUObject.dll!0x00000000E0B7A6E8
[2017.05.19-04.24.16:118][ 77]LogOutputDevice:Error: UE4Editor-SourceControl.dll!0x00000000D83A3D22
[2017.05.19-04.24.16:118][ 77]LogOutputDevice:Error: UE4Editor-SourceControl.dll!0x00000000D83A3EB9
[2017.05.19-04.24.16:118][ 77]LogOutputDevice:Error: UE4Editor-SourceControlWindows.dll!0x00000000CB311D2E
[2017.05.19-04.24.16:118][ 77]LogOutputDevice:Error: UE4Editor-SourceControlWindows.dll!0x00000000CB2CB4B5
[2017.05.19-04.24.16:118][ 77]LogOutputDevice:Error: UE4Editor-SourceControlWindows.dll!0x00000000CB2CAA8D
[2017.05.19-04.24.16:118][ 77]LogOutputDevice:Error: UE4Editor-SourceControlWindows.dll!0x00000000CB2DF274
[2017.05.19-04.24.16:118][ 77]LogOutputDevice:Error: UE4Editor-GitSourceControl.dll!0x00000000C380B851
[2017.05.19-04.24.16:118][ 77]LogOutputDevice:Error: UE4Editor-GitSourceControl.dll!0x00000000C381D1ED
[2017.05.19-04.24.16:118][ 77]LogOutputDevice:Error: UE4Editor-SourceControl.dll!0x00000000D83A9C5C
[2017.05.19-04.24.16:118][ 77]LogOutputDevice:Error: UE4Editor-UnrealEd.dll!0x00000000D1567517
[2017.05.19-04.24.16:118][ 77]LogOutputDevice:Error: UE4Editor-UnrealEd.dll!0x00000000D1D72156
[2017.05.19-04.24.16:118][ 77]LogOutputDevice:Error: UE4Editor.exe!0x000000003FB4DEE3
[2017.05.19-04.24.16:118][ 77]LogOutputDevice:Error: UE4Editor.exe!0x000000003FB3EB40
[2017.05.19-04.24.16:118][ 77]LogOutputDevice:Error: UE4Editor.exe!0x000000003FB3EBBA
[2017.05.19-04.24.16:118][ 77]LogOutputDevice:Error: UE4Editor.exe!0x000000003FB50A29
[2017.05.19-04.24.16:118][ 77]LogOutputDevice:Error: UE4Editor.exe!0x000000003FB522B6
[2017.05.19-04.24.16:118][ 77]LogOutputDevice:Error: kernel32.dll!0x000000007691652D
[2017.05.19-04.24.16:118][ 77]LogOutputDevice:Error: ntdll.dll!0x0000000076D5C541
[2017.05.19-04.24.16:118][ 77]LogOutputDevice:Error: 
[2017.05.19-04.24.16:124][ 77]LogStats:                SubmitErrorReport -  0.000 s
