Log file open, 05/17/17 21:56:19
LogInit:Display: Running engine for game: HotPuzzle
LogPlatformFile: Not using cached read wrapper
LogInit:Display: RandInit(-811244446) SRandInit(-811244446).
LogTaskGraph: Started task graph with 5 named threads and 6 total threads with 1 sets of task threads.
LogStats: Stats thread started at 0.078883
LogInit: Using libcurl 7.47.1
LogInit:  - built for x86_64-pc-win32
LogInit:  - supports SSL with OpenSSL/1.0.2g
LogInit:  - supports HTTP deflate (compression) using libz 1.2.8
LogInit:  - other features:
LogInit:      CURL_VERSION_SSL
LogInit:      CURL_VERSION_LIBZ
LogInit:      CURL_VERSION_IPV6
LogInit:      CURL_VERSION_ASYNCHDNS
LogInit:      CURL_VERSION_LARGEFILE
LogInit:      CURL_VERSION_IDN
LogInit:  CurlRequestOptions (configurable via config and command line):
LogInit:  - bVerifyPeer = false  - Libcurl will NOT verify peer certificate
LogInit:  - bUseHttpProxy = false  - Libcurl will NOT use HTTP proxy
LogInit:  - bDontReuseConnections = false  - Libcurl will reuse connections
LogInit:  - CertBundlePath = nullptr  - Libcurl will use whatever was configured at build time.
LogInit: Build: ++UE4+Release-4.15-CL-3416026
LogInit: Engine Version: 4.15.2-3416026+++UE4+Release-4.15
LogInit: Compatible Engine Version: 4.15.0-3299760+++UE4+Release-4.15
LogInit: Net CL: 3299760
LogDevObjectVersion: Number of dev versions registered: 14
LogDevObjectVersion:   Dev-Blueprints (B0D832E4-1F89-4F0D-ACCF-7EB736FD4AA2): 8
LogDevObjectVersion:   Dev-Build (E1C64328-A22C-4D53-A36C-8E866417BD8C): 0
LogDevObjectVersion:   Dev-Core (375EC13C-06E4-48FB-B500-84F0262A717E): 2
LogDevObjectVersion:   Dev-Editor (E4B068ED-F494-42E9-A231-DA0B2E46BB41): 14
LogDevObjectVersion:   Dev-Framework (CFFC743F-43B0-4480-9391-14DF171D2073): 22
LogDevObjectVersion:   Dev-Mobile (B02B49B5-BB20-44E9-A304-32B752E40360): 0
LogDevObjectVersion:   Dev-Networking (A4E4105C-59A1-49B5-A7C5-40C4547EDFEE): 0
LogDevObjectVersion:   Dev-Online (39C831C9-5AE6-47DC-9A44-9C173E1C8E7C): 0
LogDevObjectVersion:   Dev-Physics (78F01B33-EBEA-4F98-B9B4-84EACCB95AA2): 0
LogDevObjectVersion:   Dev-Platform (6631380F-2D4D-43E0-8009-CF276956A95A): 0
LogDevObjectVersion:   Dev-Rendering (12F88B9F-8875-4AFC-A67C-D90C383ABD29): 12
LogDevObjectVersion:   Dev-Sequencer (7B5AE74C-D270-4C10-A958-57980B212A5A): 3
LogDevObjectVersion:   Dev-VR (D7296918-1DD6-4BDD-9DE2-64A83CC13884): 0
LogDevObjectVersion:   Dev-LoadTimes (C2A15278-BFE7-4AFE-6C17-90FF531DF755): 1
LogInit: Compiled (64-bit): May  1 2017 13:11:28
LogInit: Compiled with Visual C++: 19.00.23026.00
LogInit: Build Configuration: Development
LogInit: Branch Name: ++UE4+Release-4.15
LogInit: Command line: -EpicPortal 
LogInit: Base directory: C:/Program Files/Epic Games/UE_4.15/Engine/Binaries/Win64/
LogInit: Installed Engine Build: 1
LogInit: Presizing for max 8388607 objects, including 0 objects not considered by GC, pre-allocating 0 bytes for permanent pool.
LogInit: Object subsystem initialized
[2017.05.18-04.56.21:444][  0]LogInit: Selected Device Profile: [Windows]
[2017.05.18-04.56.21:444][  0]LogInit: Applying CVar settings loaded from the selected device profile: [Windows]
[2017.05.18-04.56.21:459][  0]LogInit: Computer: GOSU-HP
[2017.05.18-04.56.21:459][  0]LogInit: User: gosu
[2017.05.18-04.56.21:459][  0]LogInit: CPU Page size=65536, Cores=1
[2017.05.18-04.56.21:459][  0]LogInit: High frequency timer resolution =3.704238 MHz
[2017.05.18-04.56.21:459][  0]LogMemory: Memory total: Physical=6.9GB (7GB approx)
[2017.05.18-04.56.21:459][  0]LogMemory: Platform Memory Stats for Windows
[2017.05.18-04.56.21:460][  0]LogMemory: Process Physical Memory: 261.68 MB used, 261.68 MB peak
[2017.05.18-04.56.21:460][  0]LogMemory: Process Virtual Memory: 263.52 MB used, 263.52 MB peak
[2017.05.18-04.56.21:460][  0]LogMemory: Physical Memory: 3736.83 MB used,  3375.59 MB free, 7112.42 MB total
[2017.05.18-04.56.21:460][  0]LogMemory: Virtual Memory: 624.68 MB used,  3375.59 MB free, 8388608.00 MB total
[2017.05.18-04.56.21:591][  0]LogTextLocalizationManager: No specific translations for ('en-US') exist, so ('en') translations will be used.
[2017.05.18-04.56.22:673][  0]LogD3D11RHI: D3D11 adapters:
[2017.05.18-04.56.22:684][  0]LogD3D11RHI:    0. 'AMD Radeon HD 8470D' (Feature Level 11_0)
[2017.05.18-04.56.22:684][  0]LogD3D11RHI:       992/0/3300 MB DedicatedVideo/DedicatedSystem/SharedSystem, Outputs:1, VendorId:0x1002
[2017.05.18-04.56.22:684][  0]LogD3D11RHI: Chosen D3D11 Adapter: 0
[2017.05.18-04.56.22:695][  0]LogD3D11RHI: Creating new Direct3DDevice
[2017.05.18-04.56.22:695][  0]LogD3D11RHI:     GPU DeviceId: 0x9996 (for the marketing name, search the web for "GPU Device Id")
[2017.05.18-04.56.22:695][  0]LogWindows: EnumDisplayDevices:
[2017.05.18-04.56.22:695][  0]LogWindows:    0. 'AMD Radeon HD 8470D' (P:1 D:1)
[2017.05.18-04.56.22:695][  0]LogWindows:    1. 'AMD Radeon HD 8470D' (P:0 D:0)
[2017.05.18-04.56.22:695][  0]LogWindows:    2. 'AMD Radeon HD 8470D' (P:0 D:0)
[2017.05.18-04.56.22:696][  0]LogWindows:    3. 'RDPDD Chained DD' (P:0 D:0)
[2017.05.18-04.56.22:696][  0]LogWindows:    4. 'RDP Encoder Mirror Driver' (P:0 D:0)
[2017.05.18-04.56.22:696][  0]LogWindows:    5. 'RDP Reflector Display Driver' (P:0 D:0)
[2017.05.18-04.56.22:696][  0]LogWindows: DebugString: GetVideoDriverDetailsInvalid PrimaryIsNotTheChoosenAdapter GetVideoDriverDetailsInvalid PrimaryIsNotTheChoosenAdapter GetVideoDriverDetailsInvalid PrimaryIsNotTheChoosenAdapter FoundDriverCount:3 
[2017.05.18-04.56.22:696][  0]LogD3D11RHI:     Adapter Name: AMD Radeon HD 8470D
[2017.05.18-04.56.22:696][  0]LogD3D11RHI:   Driver Version: Catalyst 15.7.1 (internal:15.200.1062.1004, unified:15.200.1062.1004)
[2017.05.18-04.56.22:696][  0]LogD3D11RHI:      Driver Date: 8-3-2015
[2017.05.18-04.56.22:696][  0]LogRHI: Texture pool is 694 MB (70% of 992 MB)
[2017.05.18-04.56.22:719][  0]LogD3D11RHI: AMD Pre GCN architecture detected, some driver workarounds will be in place
[2017.05.18-04.56.22:728][  0]LogD3D11RHI: Async texture creation enabled
[2017.05.18-04.56.22:741][  0]LogD3D11RHI: GPU Timing Frequency: 50.000000 (Debug: 2 1)
[2017.05.18-04.56.22:742][  0]LogShaderCompilers: Guid format shader working directory is 7 characters bigger than the processId version (../../../../../../Dev/Unreal/HotPuzzle/Intermediate/Shaders/WorkingDirectory/9072/).
[2017.05.18-04.56.22:742][  0]LogShaderCompilers: Cleaned the shader compiler working directory 'C:/Users/gosu/AppData/Local/Temp/UnrealShaderWorkingDir/9911CDA543BD8B5FD05183B17F3DA1EA/'.
[2017.05.18-04.56.22:742][  0]LogShaderCompilers:Display: Using Local Shader Compiler.
[2017.05.18-04.56.25:018][  0]LogTemp:Display: Loaded TP AllDesktopTargetPlatform
[2017.05.18-04.56.25:113][  0]LogTemp:Display: Loaded TP MacClientTargetPlatform
[2017.05.18-04.56.25:209][  0]LogTemp:Display: Loaded TP MacNoEditorTargetPlatform
[2017.05.18-04.56.25:302][  0]LogTemp:Display: Loaded TP MacServerTargetPlatform
[2017.05.18-04.56.25:391][  0]LogTemp:Display: Loaded TP MacTargetPlatform
[2017.05.18-04.56.25:479][  0]LogTemp:Display: Loaded TP WindowsClientTargetPlatform
[2017.05.18-04.56.25:568][  0]LogTemp:Display: Loaded TP WindowsNoEditorTargetPlatform
[2017.05.18-04.56.25:679][  0]LogTemp:Display: Loaded TP WindowsServerTargetPlatform
[2017.05.18-04.56.25:786][  0]LogTemp:Display: Loaded TP WindowsTargetPlatform
[2017.05.18-04.56.25:885][  0]LogTemp:Display: Loaded TP AndroidTargetPlatform
[2017.05.18-04.56.25:975][  0]LogTemp:Display: Loaded TP Android_ASTCTargetPlatform
[2017.05.18-04.56.26:069][  0]LogTemp:Display: Loaded TP Android_ATCTargetPlatform
[2017.05.18-04.56.26:158][  0]LogTemp:Display: Loaded TP Android_DXTTargetPlatform
[2017.05.18-04.56.26:246][  0]LogTemp:Display: Loaded TP Android_ETC1TargetPlatform
[2017.05.18-04.56.26:337][  0]LogTemp:Display: Loaded TP Android_ETC2TargetPlatform
[2017.05.18-04.56.26:546][  0]LogTemp:Display: Loaded TP Android_MultiTargetPlatform
[2017.05.18-04.56.26:546][  0]LogTemp:Display: Loaded TP Android_PVRTCTargetPlatform
[2017.05.18-04.56.26:614][  0]LogTemp:Display: Loaded TP HTML5TargetPlatform
[2017.05.18-04.56.26:763][  0]LogTemp:Display: Loaded TP IOSTargetPlatform
[2017.05.18-04.56.26:824][  0]LogTemp:Display: Loaded TP TVOSTargetPlatform
[2017.05.18-04.56.26:913][  0]LogTemp:Display: Loaded TP LinuxClientTargetPlatform
[2017.05.18-04.56.27:010][  0]LogTemp:Display: Loaded TP LinuxNoEditorTargetPlatform
[2017.05.18-04.56.27:123][  0]LogTemp:Display: Loaded TP LinuxServerTargetPlatform
[2017.05.18-04.56.27:224][  0]LogTemp:Display: Loaded TP LinuxTargetPlatform
[2017.05.18-04.56.27:224][  0]LogTargetPlatformManager:Display: Building Assets For Windows
[2017.05.18-04.56.27:901][  0]LogDerivedDataCache:Display: Max Cache Size: 512 MB
[2017.05.18-04.56.28:005][  0]LogDerivedDataCache: Loaded boot cache 0.10s 50MB C:/Users/gosu/AppData/Local/UnrealEngine/4.15/DerivedDataCache/Boot.ddc.
[2017.05.18-04.56.28:005][  0]LogDerivedDataCache:Display: Loaded Boot cache: C:/Users/gosu/AppData/Local/UnrealEngine/4.15/DerivedDataCache/Boot.ddc
[2017.05.18-04.56.28:005][  0]LogDerivedDataCache: FDerivedDataBackendGraph:  Pak pak cache file ../../../../../../Dev/Unreal/HotPuzzle/DerivedDataCache/DDC.ddp not found, will not use a pak cache.
[2017.05.18-04.56.28:005][  0]LogDerivedDataCache: Unable to find inner node Pak for hierarchical cache Hierarchy.
[2017.05.18-04.56.28:005][  0]LogDerivedDataCache: FDerivedDataBackendGraph:  CompressedPak pak cache file ../../../../../../Dev/Unreal/HotPuzzle/DerivedDataCache/Compressed.ddp not found, will not use a pak cache.
[2017.05.18-04.56.28:005][  0]LogDerivedDataCache: Unable to find inner node CompressedPak for hierarchical cache Hierarchy.
[2017.05.18-04.56.28:032][  0]LogDerivedDataCache:Display: Pak cache opened for reading ../../../Engine/DerivedDataCache/Compressed.ddp.
[2017.05.18-04.56.28:059][  0]LogDerivedDataCache: Using Local data cache path C:/Users/gosu/AppData/Local/UnrealEngine/Common/DerivedDataCache: Writable
[2017.05.18-04.56.28:074][  0]LogSlate: Using Freetype 2.6.0
[2017.05.18-04.56.28:075][  0]LogSlate: SlateFontCache - WITH_FREETYPE: 1, WITH_HARFBUZZ: 1
[2017.05.18-04.56.28:075][  0]LogSlate: SlateFontCache - WITH_FREETYPE: 1, WITH_HARFBUZZ: 1
[2017.05.18-04.56.28:590][  0]LogInit: Selected Device Profile: [Windows]
[2017.05.18-04.56.28:598][  0]LogContentStreaming: Texture pool size is 0.00 MB
[2017.05.18-04.56.29:002][  0]LogMeshUtilities: Using QuadricMeshReduction for automatic static mesh reduction
[2017.05.18-04.56.29:106][  0]LogSimplygon: Simplygon DLL not present - disabling.
[2017.05.18-04.56.29:215][  0]LogMeshUtilities: Using SimplygonSwarm for distributed automatic mesh merging
[2017.05.18-04.56.29:215][  0]LogMeshUtilities: No automatic skeletal mesh reduction module available
[2017.05.18-04.56.29:215][  0]LogMeshUtilities: No automatic mesh merging module available
[2017.05.18-04.56.30:332][  0]LogNetVersion: GetLocalNetworkVersion: CL: 3299760, ProjectName: hotpuzzle, ProjectVersion: , EngineNetworkVersion: 2, GameNetworkVersion: 0, NetworkChecksum: 989004825
[2017.05.18-04.56.30:449][  0]LogAssetRegistry: FAssetRegistry took 0.0735 seconds to start up
[2017.05.18-04.56.30:527][  0]LogPackageLocalizationCache: Processed 3 localized package path(s) for 2 prioritized culture(s) in 0.037869 seconds
[2017.05.18-04.56.30:538][  0]LogUObjectArray: 32493 objects as part of root set at end of initial load.
[2017.05.18-04.56.30:538][  0]LogUObjectAllocator: 7077032 out of 0 bytes used by permanent object pool.
[2017.05.18-04.56.30:538][  0]LogUObjectArray: CloseDisregardForGC: 0/0 objects in disregard for GC pool
[2017.05.18-04.56.30:678][  0]LogInit: WinSock: version 1.1 (2.2), MaxSocks=32767, MaxUdp=65467
[2017.05.18-04.56.34:226][  0]LogTcpMessaging: Initializing TcpMessaging bridge
[2017.05.18-04.56.34:288][  0]LogUdpMessaging: Initializing bridge on interface 0.0.0.0:0 to multicast group 230.0.0.1:6666.
[2017.05.18-04.56.35:159][  0]LogMaterial: Uniform references updated for custom material expression Custom.
[2017.05.18-04.56.35:757][  0]SourceControl: Info Source control is disabled
[2017.05.18-04.56.39:033][  0]LogEngine: Initializing Engine...
[2017.05.18-04.56.39:033][  0]LogHMD: Failed to initialize OpenVR with code 110
[2017.05.18-04.56.39:303][  0]LogStats: UGameplayTagsManager::ConstructGameplayTagTree: Construct from data asset -  0.000 s
[2017.05.18-04.56.39:303][  0]LogStats: UGameplayTagsManager::ConstructGameplayTagTree: GameplayTagTreeChangedEvent.Broadcast -  0.000 s
[2017.05.18-04.56.39:567][  0]LogAIModule: Creating AISystem for world Untitled
[2017.05.18-04.56.39:583][  0]LogInit: XAudio2 using 'Headset Earphone (Corsair VOID RGB Wireless Gaming Headset)' : 2 channels at 44.1 kHz using 16 bits per sample (channel mask 0x3)
[2017.05.18-04.56.39:617][  0]LogInit: FAudioDevice initialized.
[2017.05.18-04.56.39:667][  0]LogDerivedDataCache: Saved boot cache 0.05s 50MB C:/Users/gosu/AppData/Local/UnrealEngine/4.15/DerivedDataCache/Boot.ddc.
[2017.05.18-04.56.39:684][  0]LogInit: Texture streaming: Enabled
[2017.05.18-04.56.39:932][  0]LogEngineSessionManager: EngineSessionManager initialized
[2017.05.18-04.56.40:150][  0]LogInit: Transaction tracking system initialized
[2017.05.18-04.56.40:773][  0]BlueprintLog: New page: Editor Load
[2017.05.18-04.56.42:691][  0]LocalizationService: Info Localization service is disabled
[2017.05.18-04.56.44:383][  0]LogConsoleResponse:Display: 
[2017.05.18-04.56.44:634][  0]LogCook:Display: Max memory allowance for cook 16384mb min free memory 0mb
[2017.05.18-04.56.44:634][  0]LogCook:Display: Mobile HDR setting 1
[2017.05.18-04.56.46:827][  0]LogFileCache: Scanning file cache for directory 'C:/Dev/Unreal/HotPuzzle/Content/' took 0.02s
[2017.05.18-04.56.46:827][  0]Cmd: MAP LOAD FILE="../../../../../../Dev/Unreal/HotPuzzle/Content/TopDownBP/Maps/TopDownExampleMap.umap" TEMPLATE=0 SHOWPROGRESS=1 FEATURELEVEL=3
[2017.05.18-04.56.46:828][  0]LightingResults: New page: Lighting Build
[2017.05.18-04.56.46:901][  0]MapCheck: New page: Map Check
[2017.05.18-04.56.46:901][  0]LightingResults: New page: Lighting Build
[2017.05.18-04.56.48:070][  0]LogAIModule: Creating AISystem for world TopDownExampleMap
[2017.05.18-04.56.48:151][  0]LogEditorServer: Finished looking for orphan Actors (0.000 secs)
[2017.05.18-04.56.48:154][  0]Cmd: MAP CHECKDEP NOCLEARLOG
[2017.05.18-04.56.48:250][  0]MapCheck: Info Map check complete: 0 Error(s), 0 Warning(s), took 96.329ms to complete.
[2017.05.18-04.56.48:250][  0]LogFileHelpers: Loading map 'TopDownExampleMap' took 1.424
[2017.05.18-04.56.48:604][  0]LogCollectionManager: Loaded 0 collections in 0.004378 seconds
[2017.05.18-04.56.48:737][  0]LogFileCache: Scanning file cache for directory 'C:/Dev/Unreal/HotPuzzle/Saved/Collections/' took 0.02s
[2017.05.18-04.56.48:737][  0]LogFileCache: Scanning file cache for directory 'C:/Dev/Unreal/HotPuzzle/Content/Developers/gosu/Collections/' took 0.00s
[2017.05.18-04.56.48:737][  0]LogFileCache: Scanning file cache for directory 'C:/Dev/Unreal/HotPuzzle/Content/Collections/' took 0.00s
[2017.05.18-04.56.48:737][  0]LogCollectionManager: Rebuilt the GUID cache for 0 collections in 0.000002 seconds
[2017.05.18-04.56.48:758][  0]LogContentBrowser: Native class hierarchy populated in 0.0208 seconds. Added 2245 classes and 453 folders.
[2017.05.18-04.56.48:938][  0]LogContentBrowser: Native class hierarchy updated for 'WidgetCarousel' in 0.0007 seconds. Added 0 classes and 0 folders.
[2017.05.18-04.56.49:415][  0]LogContentBrowser: Native class hierarchy updated for 'AddContentDialog' in 0.0008 seconds. Added 0 classes and 0 folders.
[2017.05.18-04.56.49:600][  0]LogContentBrowser: Native class hierarchy updated for 'SceneOutliner' in 0.0034 seconds. Added 1 classes and 2 folders.
[2017.05.18-04.56.49:736][  0]LogCrashTracker: Crashtracker disabled due to settings.
[2017.05.18-04.56.49:758][  0]LogUObjectGlobals:Warning: Failed to find object 'Class None.'
[2017.05.18-04.56.49:874][  0]LogContentBrowser: Native class hierarchy updated for 'HierarchicalLODOutliner' in 0.0012 seconds. Added 1 classes and 2 folders.
[2017.05.18-04.56.49:874][  0]LogLoad: (Engine Initialization) Total time: 31.40 seconds
[2017.05.18-04.56.49:874][  0]LogLoad: (Engine Initialization) Total Blueprint compile time: 0.43 seconds
[2017.05.18-04.56.49:874][  0]LogExternalProfiler: No external profilers were discovered.  External profiling features will not be available.
[2017.05.18-04.56.50:254][  0]LogOcInput: OculusInput pre-init called
[2017.05.18-04.56.50:276][  0]SourceControl: Info On branch master
[2017.05.18-04.56.50:276][  0]SourceControl: Info Changes not staged for commit:
[2017.05.18-04.56.50:276][  0]SourceControl: Info   (use "git add/rm <file>..." to update what will be committed)
[2017.05.18-04.56.50:276][  0]SourceControl: Info   (use "git checkout -- <file>..." to discard changes in working directory)
[2017.05.18-04.56.50:276][  0]SourceControl: Info 	modified:   HotPuzzle/Config/DefaultEngine.ini
[2017.05.18-04.56.50:276][  0]SourceControl: Info 	modified:   HotPuzzle/Intermediate/CachedAssetRegistry.bin
[2017.05.18-04.56.50:276][  0]SourceControl: Info 	modified:   HotPuzzle/Intermediate/Config/CoalescedSourceConfigs/Engine.ini
[2017.05.18-04.56.50:276][  0]SourceControl: Info 	modified:   HotPuzzle/Saved/Config/Windows/Engine.ini
[2017.05.18-04.56.50:276][  0]SourceControl: Info 	modified:   HotPuzzle/Saved/Logs/HotPuzzle.log
[2017.05.18-04.56.50:276][  0]SourceControl: Info 	deleted:    gitignore
[2017.05.18-04.56.50:276][  0]SourceControl: Info Untracked files:
[2017.05.18-04.56.50:276][  0]SourceControl: Info   (use "git add <file>..." to include in what will be committed)
[2017.05.18-04.56.50:276][  0]SourceControl: Info 	.gitignore
[2017.05.18-04.56.50:276][  0]SourceControl: Info 	HotPuzzle/Saved/Logs/HotPuzzle-backup-2017.05.17-21.56.19.log
[2017.05.18-04.56.50:276][  0]SourceControl: Info 	HotPuzzle/Saved/Logs/UE4CC-Windows-24DA7D5F40C8823FABF568B4CCB3D201/
[2017.05.18-04.56.50:276][  0]SourceControl: Info no changes added to commit (use "git add" and/or "git commit -a")
[2017.05.18-04.56.50:277][  0]LogContentStreaming: Texture pool size now 400 MB
[2017.05.18-04.56.50:280][  0]LogSlate: Took 0.001159 seconds to synchronously load lazily loaded font '../../../Engine/Content/Slate/Fonts/Roboto-Regular.ttf' (155K)
[2017.05.18-04.56.50:297][  0]LogSlate: Took 0.000404 seconds to synchronously load lazily loaded font '../../../Engine/Content/Slate/Fonts/Roboto-Bold.ttf' (160K)
[2017.05.18-04.56.50:327][  0]LogSlate: Took 0.017261 seconds to synchronously load lazily loaded font '../../../Engine/Content/Editor/Slate/Fonts/FontAwesome.ttf' (139K)
[2017.05.18-04.56.50:508][  0]LogRenderer: Reallocating scene render targets to support 1208x584 NumSamples 1 (Frame:2).
[2017.05.18-04.56.51:086][  0]LogSlate: Took 0.012926 seconds to synchronously load lazily loaded font '../../../Engine/Content/Slate/Fonts/Roboto-Light.ttf' (159K)
[2017.05.18-04.56.51:571][  2]LogAssetRegistry: Asset discovery search completed in 21.1956 seconds
[2017.05.18-04.56.51:571][  2]LogCollectionManager: Rebuilt the object cache for 0 collections in 0.000010 seconds (found 0 objects)
[2017.05.18-04.56.51:571][  2]LogCollectionManager: Fixed up redirectors for 0 collections in 0.000036 seconds (updated 0 objects)
[2017.05.18-05.07.44:658][423]SourceControl: Info On branch master
[2017.05.18-05.07.44:659][423]SourceControl: Info Your branch is up-to-date with 'origin/master'.
[2017.05.18-05.07.44:659][423]SourceControl: Info Untracked files:
[2017.05.18-05.07.44:659][423]SourceControl: Info   (use "git add <file>..." to include in what will be committed)
[2017.05.18-05.07.44:659][423]SourceControl: Info 	HotPuzzle/
[2017.05.18-05.07.44:659][423]SourceControl: Info nothing added to commit but untracked files present (use "git add" to track)
[2017.05.18-05.07.48:234][549]SourceControl: Info Source control is disabled
