Log file open, 05/21/17 09:40:07
LogInit:Display: Running engine for game: SuperHot
LogPlatformFile: Not using cached read wrapper
LogInit:Display: RandInit(574565684) SRandInit(574565684).
LogTaskGraph: Started task graph with 5 named threads and 6 total threads with 1 sets of task threads.
LogStats: Stats thread started at 0.099553
LogInit: Using libcurl 7.47.1
LogInit:  - built for x86_64-pc-win32
LogInit:  - supports SSL with OpenSSL/1.0.2g
LogInit:  - supports HTTP deflate (compression) using libz 1.2.8
LogInit:  - other features:
LogInit:      CURL_VERSION_SSL
LogInit:      CURL_VERSION_LIBZ
LogInit:      CURL_VERSION_IPV6
LogInit:      CURL_VERSION_ASYNCHDNS
LogInit:      CURL_VERSION_LARGEFILE
LogInit:      CURL_VERSION_IDN
LogInit:  CurlRequestOptions (configurable via config and command line):
LogInit:  - bVerifyPeer = false  - Libcurl will NOT verify peer certificate
LogInit:  - bUseHttpProxy = false  - Libcurl will NOT use HTTP proxy
LogInit:  - bDontReuseConnections = false  - Libcurl will reuse connections
LogInit:  - CertBundlePath = nullptr  - Libcurl will use whatever was configured at build time.
LogInit: Build: ++UE4+Release-4.15-CL-3416026
LogInit: Engine Version: 4.15.2-3416026+++UE4+Release-4.15
LogInit: Compatible Engine Version: 4.15.0-3299760+++UE4+Release-4.15
LogInit: Net CL: 3299760
LogDevObjectVersion: Number of dev versions registered: 14
LogDevObjectVersion:   Dev-Blueprints (B0D832E4-1F89-4F0D-ACCF-7EB736FD4AA2): 8
LogDevObjectVersion:   Dev-Build (E1C64328-A22C-4D53-A36C-8E866417BD8C): 0
LogDevObjectVersion:   Dev-Core (375EC13C-06E4-48FB-B500-84F0262A717E): 2
LogDevObjectVersion:   Dev-Editor (E4B068ED-F494-42E9-A231-DA0B2E46BB41): 14
LogDevObjectVersion:   Dev-Framework (CFFC743F-43B0-4480-9391-14DF171D2073): 22
LogDevObjectVersion:   Dev-Mobile (B02B49B5-BB20-44E9-A304-32B752E40360): 0
LogDevObjectVersion:   Dev-Networking (A4E4105C-59A1-49B5-A7C5-40C4547EDFEE): 0
LogDevObjectVersion:   Dev-Online (39C831C9-5AE6-47DC-9A44-9C173E1C8E7C): 0
LogDevObjectVersion:   Dev-Physics (78F01B33-EBEA-4F98-B9B4-84EACCB95AA2): 0
LogDevObjectVersion:   Dev-Platform (6631380F-2D4D-43E0-8009-CF276956A95A): 0
LogDevObjectVersion:   Dev-Rendering (12F88B9F-8875-4AFC-A67C-D90C383ABD29): 12
LogDevObjectVersion:   Dev-Sequencer (7B5AE74C-D270-4C10-A958-57980B212A5A): 3
LogDevObjectVersion:   Dev-VR (D7296918-1DD6-4BDD-9DE2-64A83CC13884): 0
LogDevObjectVersion:   Dev-LoadTimes (C2A15278-BFE7-4AFE-6C17-90FF531DF755): 1
LogInit: Compiled (64-bit): May  1 2017 13:11:28
LogInit: Compiled with Visual C++: 19.00.23026.00
LogInit: Build Configuration: Development
LogInit: Branch Name: ++UE4+Release-4.15
LogInit: Command line: -EpicPortal 
LogInit: Base directory: C:/Program Files/Epic Games/UE_4.15/Engine/Binaries/Win64/
LogInit: Installed Engine Build: 1
LogInit: Presizing for max 8388607 objects, including 0 objects not considered by GC, pre-allocating 0 bytes for permanent pool.
LogInit: Object subsystem initialized
[2017.05.21-16.40.09:690][  0]LogInit: Selected Device Profile: [Windows]
[2017.05.21-16.40.09:690][  0]LogInit: Applying CVar settings loaded from the selected device profile: [Windows]
[2017.05.21-16.40.09:702][  0]LogInit: Computer: GOSU-HP
[2017.05.21-16.40.09:702][  0]LogInit: User: gosu
[2017.05.21-16.40.09:702][  0]LogInit: CPU Page size=65536, Cores=1
[2017.05.21-16.40.09:702][  0]LogInit: High frequency timer resolution =3.704267 MHz
[2017.05.21-16.40.09:702][  0]LogMemory: Memory total: Physical=6.9GB (7GB approx)
[2017.05.21-16.40.09:702][  0]LogMemory: Platform Memory Stats for Windows
[2017.05.21-16.40.09:702][  0]LogMemory: Process Physical Memory: 261.88 MB used, 261.88 MB peak
[2017.05.21-16.40.09:702][  0]LogMemory: Process Virtual Memory: 263.38 MB used, 263.38 MB peak
[2017.05.21-16.40.09:702][  0]LogMemory: Physical Memory: 3418.79 MB used,  3693.63 MB free, 7112.42 MB total
[2017.05.21-16.40.09:702][  0]LogMemory: Virtual Memory: 627.81 MB used,  3693.63 MB free, 8388608.00 MB total
[2017.05.21-16.40.09:874][  0]LogTextLocalizationManager: No specific translations for ('en-US') exist, so ('en') translations will be used.
[2017.05.21-16.40.11:075][  0]LogD3D11RHI: D3D11 adapters:
[2017.05.21-16.40.11:088][  0]LogD3D11RHI:    0. 'AMD Radeon HD 8470D' (Feature Level 11_0)
[2017.05.21-16.40.11:088][  0]LogD3D11RHI:       992/0/3300 MB DedicatedVideo/DedicatedSystem/SharedSystem, Outputs:1, VendorId:0x1002
[2017.05.21-16.40.11:088][  0]LogD3D11RHI: Chosen D3D11 Adapter: 0
[2017.05.21-16.40.11:098][  0]LogD3D11RHI: Creating new Direct3DDevice
[2017.05.21-16.40.11:098][  0]LogD3D11RHI:     GPU DeviceId: 0x9996 (for the marketing name, search the web for "GPU Device Id")
[2017.05.21-16.40.11:098][  0]LogWindows: EnumDisplayDevices:
[2017.05.21-16.40.11:099][  0]LogWindows:    0. 'AMD Radeon HD 8470D' (P:1 D:1)
[2017.05.21-16.40.11:099][  0]LogWindows:    1. 'AMD Radeon HD 8470D' (P:0 D:0)
[2017.05.21-16.40.11:099][  0]LogWindows:    2. 'AMD Radeon HD 8470D' (P:0 D:0)
[2017.05.21-16.40.11:100][  0]LogWindows:    3. 'RDPDD Chained DD' (P:0 D:0)
[2017.05.21-16.40.11:100][  0]LogWindows:    4. 'RDP Encoder Mirror Driver' (P:0 D:0)
[2017.05.21-16.40.11:100][  0]LogWindows:    5. 'RDP Reflector Display Driver' (P:0 D:0)
[2017.05.21-16.40.11:100][  0]LogWindows: DebugString: GetVideoDriverDetailsInvalid PrimaryIsNotTheChoosenAdapter GetVideoDriverDetailsInvalid PrimaryIsNotTheChoosenAdapter GetVideoDriverDetailsInvalid PrimaryIsNotTheChoosenAdapter FoundDriverCount:3 
[2017.05.21-16.40.11:100][  0]LogD3D11RHI:     Adapter Name: AMD Radeon HD 8470D
[2017.05.21-16.40.11:100][  0]LogD3D11RHI:   Driver Version: Catalyst 15.7.1 (internal:15.200.1062.1004, unified:15.200.1062.1004)
[2017.05.21-16.40.11:100][  0]LogD3D11RHI:      Driver Date: 8-3-2015
[2017.05.21-16.40.11:100][  0]LogRHI: Texture pool is 694 MB (70% of 992 MB)
[2017.05.21-16.40.11:129][  0]LogD3D11RHI: AMD Pre GCN architecture detected, some driver workarounds will be in place
[2017.05.21-16.40.11:140][  0]LogD3D11RHI: Async texture creation enabled
[2017.05.21-16.40.11:153][  0]LogD3D11RHI: GPU Timing Frequency: 50.000000 (Debug: 2 1)
[2017.05.21-16.40.11:154][  0]LogShaderCompilers: Guid format shader working directory is 8 characters bigger than the processId version (../../../../../../Dev/Unreal/SuperHot/Intermediate/Shaders/WorkingDirectory/5268/).
[2017.05.21-16.40.11:154][  0]LogShaderCompilers: Cleaned the shader compiler working directory 'C:/Users/gosu/AppData/Local/Temp/UnrealShaderWorkingDir/62911EAA4B7F95299B2518A5DA9D81AD/'.
[2017.05.21-16.40.11:154][  0]LogShaderCompilers:Display: Using Local Shader Compiler.
[2017.05.21-16.40.14:386][  0]LogTemp:Display: Loaded TP AllDesktopTargetPlatform
[2017.05.21-16.40.14:674][  0]LogTemp:Display: Loaded TP MacClientTargetPlatform
[2017.05.21-16.40.15:028][  0]LogTemp:Display: Loaded TP MacNoEditorTargetPlatform
[2017.05.21-16.40.15:336][  0]LogTemp:Display: Loaded TP MacServerTargetPlatform
[2017.05.21-16.40.15:525][  0]LogTemp:Display: Loaded TP MacTargetPlatform
[2017.05.21-16.40.15:811][  0]LogTemp:Display: Loaded TP WindowsClientTargetPlatform
[2017.05.21-16.40.15:951][  0]LogTemp:Display: Loaded TP WindowsNoEditorTargetPlatform
[2017.05.21-16.40.16:181][  0]LogTemp:Display: Loaded TP WindowsServerTargetPlatform
[2017.05.21-16.40.16:306][  0]LogTemp:Display: Loaded TP WindowsTargetPlatform
[2017.05.21-16.40.16:626][  0]LogTemp:Display: Loaded TP AndroidTargetPlatform
[2017.05.21-16.40.16:992][  0]LogTemp:Display: Loaded TP Android_ASTCTargetPlatform
[2017.05.21-16.40.17:256][  0]LogTemp:Display: Loaded TP Android_ATCTargetPlatform
[2017.05.21-16.40.17:464][  0]LogTemp:Display: Loaded TP Android_DXTTargetPlatform
[2017.05.21-16.40.17:674][  0]LogTemp:Display: Loaded TP Android_ETC1TargetPlatform
[2017.05.21-16.40.17:854][  0]LogTemp:Display: Loaded TP Android_ETC2TargetPlatform
[2017.05.21-16.40.18:431][  0]LogTemp:Display: Loaded TP Android_MultiTargetPlatform
[2017.05.21-16.40.18:432][  0]LogTemp:Display: Loaded TP Android_PVRTCTargetPlatform
[2017.05.21-16.40.18:542][  0]LogTemp:Display: Loaded TP HTML5TargetPlatform
[2017.05.21-16.40.18:748][  0]LogTemp:Display: Loaded TP IOSTargetPlatform
[2017.05.21-16.40.18:824][  0]LogTemp:Display: Loaded TP TVOSTargetPlatform
[2017.05.21-16.40.18:961][  0]LogTemp:Display: Loaded TP LinuxClientTargetPlatform
[2017.05.21-16.40.19:098][  0]LogTemp:Display: Loaded TP LinuxNoEditorTargetPlatform
[2017.05.21-16.40.19:227][  0]LogTemp:Display: Loaded TP LinuxServerTargetPlatform
[2017.05.21-16.40.19:354][  0]LogTemp:Display: Loaded TP LinuxTargetPlatform
[2017.05.21-16.40.19:354][  0]LogTargetPlatformManager:Display: Building Assets For Windows
[2017.05.21-16.40.20:424][  0]LogDerivedDataCache:Display: Max Cache Size: 512 MB
[2017.05.21-16.40.20:561][  0]LogDerivedDataCache: Loaded boot cache 0.14s 50MB C:/Users/gosu/AppData/Local/UnrealEngine/4.15/DerivedDataCache/Boot.ddc.
[2017.05.21-16.40.20:561][  0]LogDerivedDataCache:Display: Loaded Boot cache: C:/Users/gosu/AppData/Local/UnrealEngine/4.15/DerivedDataCache/Boot.ddc
[2017.05.21-16.40.20:561][  0]LogDerivedDataCache: FDerivedDataBackendGraph:  Pak pak cache file ../../../../../../Dev/Unreal/SuperHot/DerivedDataCache/DDC.ddp not found, will not use a pak cache.
[2017.05.21-16.40.20:561][  0]LogDerivedDataCache: Unable to find inner node Pak for hierarchical cache Hierarchy.
[2017.05.21-16.40.20:561][  0]LogDerivedDataCache: FDerivedDataBackendGraph:  CompressedPak pak cache file ../../../../../../Dev/Unreal/SuperHot/DerivedDataCache/Compressed.ddp not found, will not use a pak cache.
[2017.05.21-16.40.20:561][  0]LogDerivedDataCache: Unable to find inner node CompressedPak for hierarchical cache Hierarchy.
[2017.05.21-16.40.20:598][  0]LogDerivedDataCache:Display: Pak cache opened for reading ../../../Engine/DerivedDataCache/Compressed.ddp.
[2017.05.21-16.40.20:614][  0]LogDerivedDataCache: Using Local data cache path C:/Users/gosu/AppData/Local/UnrealEngine/Common/DerivedDataCache: Writable
[2017.05.21-16.40.20:633][  0]LogSlate: Using Freetype 2.6.0
[2017.05.21-16.40.20:634][  0]LogSlate: SlateFontCache - WITH_FREETYPE: 1, WITH_HARFBUZZ: 1
[2017.05.21-16.40.20:634][  0]LogSlate: SlateFontCache - WITH_FREETYPE: 1, WITH_HARFBUZZ: 1
[2017.05.21-16.40.21:500][  0]LogInit: Selected Device Profile: [Windows]
[2017.05.21-16.40.21:508][  0]LogContentStreaming: Texture pool size is 0.00 MB
[2017.05.21-16.40.22:212][  0]LogMeshUtilities: Using QuadricMeshReduction for automatic static mesh reduction
[2017.05.21-16.40.22:363][  0]LogSimplygon: Simplygon DLL not present - disabling.
[2017.05.21-16.40.22:498][  0]LogMeshUtilities: Using SimplygonSwarm for distributed automatic mesh merging
[2017.05.21-16.40.22:498][  0]LogMeshUtilities: No automatic skeletal mesh reduction module available
[2017.05.21-16.40.22:498][  0]LogMeshUtilities: No automatic mesh merging module available
[2017.05.21-16.40.24:675][  0]LogNetVersion: GetLocalNetworkVersion: CL: 3299760, ProjectName: superhot, ProjectVersion: , EngineNetworkVersion: 2, GameNetworkVersion: 0, NetworkChecksum: 1966384114
[2017.05.21-16.40.24:817][  0]LogAssetRegistry: FAssetRegistry took 0.0629 seconds to start up
[2017.05.21-16.40.24:998][  0]LogPackageLocalizationCache: Processed 3 localized package path(s) for 2 prioritized culture(s) in 0.080086 seconds
[2017.05.21-16.40.25:014][  0]LogUObjectArray: 32493 objects as part of root set at end of initial load.
[2017.05.21-16.40.25:014][  0]LogUObjectAllocator: 7077032 out of 0 bytes used by permanent object pool.
[2017.05.21-16.40.25:014][  0]LogUObjectArray: CloseDisregardForGC: 0/0 objects in disregard for GC pool
[2017.05.21-16.40.25:223][  0]LogInit: WinSock: version 1.1 (2.2), MaxSocks=32767, MaxUdp=65467
[2017.05.21-16.40.31:841][  0]LogTcpMessaging: Initializing TcpMessaging bridge
[2017.05.21-16.40.32:172][  0]LogUdpMessaging: Initializing bridge on interface 0.0.0.0:0 to multicast group 230.0.0.1:6666.
[2017.05.21-16.40.35:932][  0]LogMaterial: Uniform references updated for custom material expression Custom.
[2017.05.21-16.40.36:733][  0]SourceControl: Info Source control is disabled
[2017.05.21-16.40.36:891][  0]SourceControl: Info Source control is disabled
[2017.05.21-16.40.36:991][  0]SourceControl: Info Source control is disabled
[2017.05.21-16.40.37:084][  0]SourceControl: Info Source control is disabled
[2017.05.21-16.40.40:459][  0]LogEngine: Initializing Engine...
[2017.05.21-16.40.40:461][  0]LogHMD: Failed to initialize OpenVR with code 110
[2017.05.21-16.40.40:754][  0]LogStats: UGameplayTagsManager::ConstructGameplayTagTree: Construct from data asset -  0.000 s
[2017.05.21-16.40.40:754][  0]LogStats: UGameplayTagsManager::ConstructGameplayTagTree: GameplayTagTreeChangedEvent.Broadcast -  0.000 s
[2017.05.21-16.40.41:159][  0]LogAIModule: Creating AISystem for world Untitled
[2017.05.21-16.40.41:202][  0]LogInit: XAudio2 using 'Headset Earphone (Corsair VOID RGB Wireless Gaming Headset)' : 2 channels at 44.1 kHz using 16 bits per sample (channel mask 0x3)
[2017.05.21-16.40.41:242][  0]LogInit: FAudioDevice initialized.
[2017.05.21-16.40.41:316][  0]LogDerivedDataCache: Saved boot cache 0.07s 50MB C:/Users/gosu/AppData/Local/UnrealEngine/4.15/DerivedDataCache/Boot.ddc.
[2017.05.21-16.40.41:343][  0]LogInit: Texture streaming: Enabled
[2017.05.21-16.40.41:629][  0]LogEngineSessionManager: EngineSessionManager initialized
[2017.05.21-16.40.41:926][  0]LogInit: Transaction tracking system initialized
[2017.05.21-16.40.42:707][  0]BlueprintLog: New page: Editor Load
[2017.05.21-16.40.45:740][  0]LocalizationService: Info Localization service is disabled
[2017.05.21-16.40.47:895][  0]LogConsoleResponse:Display: 
[2017.05.21-16.40.48:362][  0]LogCook:Display: Max memory allowance for cook 16384mb min free memory 0mb
[2017.05.21-16.40.48:362][  0]LogCook:Display: Mobile HDR setting 1
[2017.05.21-16.40.50:659][  0]LogFileCache: Scanning file cache for directory 'C:/Dev/Unreal/SuperHot/Content/' took 0.02s
[2017.05.21-16.40.50:659][  0]SourceControl: Info Source control is disabled
[2017.05.21-16.40.50:660][  0]Cmd: MAP LOAD FILE="../../../../../../Dev/Unreal/SuperHot/Content/TopDownBP/Maps/TopDownExampleMap.umap" TEMPLATE=0 SHOWPROGRESS=1 FEATURELEVEL=3
[2017.05.21-16.40.50:660][  0]LightingResults: New page: Lighting Build
[2017.05.21-16.40.50:753][  0]MapCheck: New page: Map Check
[2017.05.21-16.40.50:753][  0]LightingResults: New page: Lighting Build
[2017.05.21-16.40.52:445][  0]LogAIModule: Creating AISystem for world TopDownExampleMap
[2017.05.21-16.40.52:540][  0]LogEditorServer: Finished looking for orphan Actors (0.000 secs)
[2017.05.21-16.40.52:543][  0]Cmd: MAP CHECKDEP NOCLEARLOG
[2017.05.21-16.40.52:636][  0]MapCheck: Info Map check complete: 0 Error(s), 0 Warning(s), took 93.14ms to complete.
[2017.05.21-16.40.52:636][  0]LogFileHelpers: Loading map 'TopDownExampleMap' took 1.976
[2017.05.21-16.40.52:979][  0]LogCollectionManager: Loaded 0 collections in 0.001563 seconds
[2017.05.21-16.40.53:103][  0]LogFileCache: Scanning file cache for directory 'C:/Dev/Unreal/SuperHot/Saved/Collections/' took 0.01s
[2017.05.21-16.40.53:103][  0]LogFileCache: Scanning file cache for directory 'C:/Dev/Unreal/SuperHot/Content/Developers/gosu/Collections/' took 0.01s
[2017.05.21-16.40.53:103][  0]LogFileCache: Scanning file cache for directory 'C:/Dev/Unreal/SuperHot/Content/Collections/' took 0.01s
[2017.05.21-16.40.53:103][  0]LogCollectionManager: Rebuilt the GUID cache for 0 collections in 0.000002 seconds
[2017.05.21-16.40.53:121][  0]LogContentBrowser: Native class hierarchy populated in 0.0175 seconds. Added 2245 classes and 453 folders.
[2017.05.21-16.40.53:244][  0]LogContentBrowser: Native class hierarchy updated for 'WidgetCarousel' in 0.0007 seconds. Added 0 classes and 0 folders.
[2017.05.21-16.40.53:385][  0]LogContentBrowser: Native class hierarchy updated for 'AddContentDialog' in 0.0027 seconds. Added 0 classes and 0 folders.
[2017.05.21-16.40.53:492][  0]LogContentBrowser: Native class hierarchy updated for 'SceneOutliner' in 0.0007 seconds. Added 1 classes and 2 folders.
[2017.05.21-16.40.53:577][  0]LogCrashTracker: Crashtracker disabled due to settings.
[2017.05.21-16.40.53:593][  0]LogUObjectGlobals:Warning: Failed to find object 'Class None.'
[2017.05.21-16.40.53:715][  0]LogContentBrowser: Native class hierarchy updated for 'HierarchicalLODOutliner' in 0.0030 seconds. Added 1 classes and 2 folders.
[2017.05.21-16.40.53:716][  0]LogLoad: (Engine Initialization) Total time: 48.03 seconds
[2017.05.21-16.40.53:716][  0]LogLoad: (Engine Initialization) Total Blueprint compile time: 0.47 seconds
[2017.05.21-16.40.53:716][  0]LogExternalProfiler: No external profilers were discovered.  External profiling features will not be available.
[2017.05.21-16.40.54:056][  0]LogOcInput: OculusInput pre-init called
[2017.05.21-16.40.54:095][  0]LogContentStreaming: Texture pool size now 400 MB
[2017.05.21-16.40.54:096][  0]LogSlate: Took 0.000278 seconds to synchronously load lazily loaded font '../../../Engine/Content/Slate/Fonts/Roboto-Regular.ttf' (155K)
[2017.05.21-16.40.54:106][  0]LogSlate: Took 0.000546 seconds to synchronously load lazily loaded font '../../../Engine/Content/Slate/Fonts/Roboto-Bold.ttf' (160K)
[2017.05.21-16.40.54:139][  0]LogSlate: Took 0.022290 seconds to synchronously load lazily loaded font '../../../Engine/Content/Editor/Slate/Fonts/FontAwesome.ttf' (139K)
[2017.05.21-16.40.54:489][  0]LogRenderer: Reallocating scene render targets to support 1208x584 NumSamples 1 (Frame:2).
[2017.05.21-16.40.55:043][  0]LogSlate: Took 0.000298 seconds to synchronously load lazily loaded font '../../../Engine/Content/Slate/Fonts/Roboto-Light.ttf' (159K)
[2017.05.21-16.40.55:521][  2]LogAssetRegistry: Asset discovery search completed in 30.7656 seconds
[2017.05.21-16.40.55:521][  2]LogCollectionManager: Rebuilt the object cache for 0 collections in 0.000009 seconds (found 0 objects)
[2017.05.21-16.40.55:521][  2]LogCollectionManager: Fixed up redirectors for 0 collections in 0.000031 seconds (updated 0 objects)
[2017.05.21-16.41.54:080][440]SourceControl: Info On branch master
[2017.05.21-16.41.54:080][440]SourceControl: Info Your branch is up-to-date with 'origin/master'.
[2017.05.21-16.41.54:080][440]SourceControl: Info Changes not staged for commit:
[2017.05.21-16.41.54:080][440]SourceControl: Info   (use "git add/rm <file>..." to update what will be committed)
[2017.05.21-16.41.54:080][440]SourceControl: Info   (use "git checkout -- <file>..." to discard changes in working directory)
[2017.05.21-16.41.54:080][440]SourceControl: Info 	deleted:    AbilityFighter2D/AbilityFighter2D.uproject
[2017.05.21-16.41.54:080][440]SourceControl: Info 	deleted:    AbilityFighter2D/Config/DefaultEditor.ini
[2017.05.21-16.41.54:080][440]SourceControl: Info 	deleted:    AbilityFighter2D/Config/DefaultEditorPerProjectUserSettings.ini
[2017.05.21-16.41.54:081][440]SourceControl: Info 	deleted:    AbilityFighter2D/Config/DefaultEngine.ini
[2017.05.21-16.41.54:081][440]SourceControl: Info 	deleted:    AbilityFighter2D/Config/DefaultGame.ini
[2017.05.21-16.41.54:081][440]SourceControl: Info 	deleted:    AbilityFighter2D/Config/DefaultInput.ini
[2017.05.21-16.41.54:081][440]SourceControl: Info 	deleted:    AbilityFighter2D/Content/2DSideScroller/Materials/PrototypingSpriteMaterial.uasset
[2017.05.21-16.41.54:081][440]SourceControl: Info 	deleted:    AbilityFighter2D/Content/2DSideScroller/Sprites/Background_Sprite.uasset
[2017.05.21-16.41.54:081][440]SourceControl: Info 	deleted:    AbilityFighter2D/Content/2DSideScroller/Sprites/IdleAnimation.uasset
[2017.05.21-16.41.54:081][440]SourceControl: Info 	deleted:    AbilityFighter2D/Content/2DSideScroller/Sprites/IdleFrames/IdleCycle1.uasset
[2017.05.21-16.41.54:081][440]SourceControl: Info 	deleted:    AbilityFighter2D/Content/2DSideScroller/Sprites/IdleFrames/IdleCycle2.uasset
[2017.05.21-16.41.54:081][440]SourceControl: Info 	deleted:    AbilityFighter2D/Content/2DSideScroller/Sprites/IdleFrames/IdleCycle3.uasset
[2017.05.21-16.41.54:081][440]SourceControl: Info 	deleted:    AbilityFighter2D/Content/2DSideScroller/Sprites/IdleFrames/IdleCycle4.uasset
[2017.05.21-16.41.54:081][440]SourceControl: Info 	deleted:    AbilityFighter2D/Content/2DSideScroller/Sprites/IdleFrames/IdleCycle5.uasset
[2017.05.21-16.41.54:081][440]SourceControl: Info 	deleted:    AbilityFighter2D/Content/2DSideScroller/Sprites/IdleFrames/IdleCycle6.uasset
[2017.05.21-16.41.54:081][440]SourceControl: Info 	deleted:    AbilityFighter2D/Content/2DSideScroller/Sprites/IdleFrames/IdleCycle7.uasset
[2017.05.21-16.41.54:081][440]SourceControl: Info 	deleted:    AbilityFighter2D/Content/2DSideScroller/Sprites/IdleFrames/IdleCycle8.uasset
[2017.05.21-16.41.54:081][440]SourceControl: Info 	deleted:    AbilityFighter2D/Content/2DSideScroller/Sprites/Ledge.uasset
[2017.05.21-16.41.54:081][440]SourceControl: Info 	deleted:    AbilityFighter2D/Content/2DSideScroller/Sprites/PrototypingSprite.uasset
[2017.05.21-16.41.54:081][440]SourceControl: Info 	deleted:    AbilityFighter2D/Content/2DSideScroller/Sprites/RunFrames/RunCycle_1.uasset
[2017.05.21-16.41.54:081][440]SourceControl: Info 	deleted:    AbilityFighter2D/Content/2DSideScroller/Sprites/RunFrames/RunCycle_10.uasset
[2017.05.21-16.41.54:081][440]SourceControl: Info 	deleted:    AbilityFighter2D/Content/2DSideScroller/Sprites/RunFrames/RunCycle_11.uasset
[2017.05.21-16.41.54:081][440]SourceControl: Info 	deleted:    AbilityFighter2D/Content/2DSideScroller/Sprites/RunFrames/RunCycle_12.uasset
[2017.05.21-16.41.54:081][440]SourceControl: Info 	deleted:    AbilityFighter2D/Content/2DSideScroller/Sprites/RunFrames/RunCycle_13.uasset
[2017.05.21-16.41.54:081][440]SourceControl: Info 	deleted:    AbilityFighter2D/Content/2DSideScroller/Sprites/RunFrames/RunCycle_14.uasset
[2017.05.21-16.41.54:081][440]SourceControl: Info 	deleted:    AbilityFighter2D/Content/2DSideScroller/Sprites/RunFrames/RunCycle_15.uasset
[2017.05.21-16.41.54:081][440]SourceControl: Info 	deleted:    AbilityFighter2D/Content/2DSideScroller/Sprites/RunFrames/RunCycle_16.uasset
[2017.05.21-16.41.54:081][440]SourceControl: Info 	deleted:    AbilityFighter2D/Content/2DSideScroller/Sprites/RunFrames/RunCycle_2.uasset
[2017.05.21-16.41.54:081][440]SourceControl: Info 	deleted:    AbilityFighter2D/Content/2DSideScroller/Sprites/RunFrames/RunCycle_3.uasset
[2017.05.21-16.41.54:081][440]SourceControl: Info 	deleted:    AbilityFighter2D/Content/2DSideScroller/Sprites/RunFrames/RunCycle_4.uasset
[2017.05.21-16.41.54:081][440]SourceControl: Info 	deleted:    AbilityFighter2D/Content/2DSideScroller/Sprites/RunFrames/RunCycle_5.uasset
[2017.05.21-16.41.54:081][440]SourceControl: Info 	deleted:    AbilityFighter2D/Content/2DSideScroller/Sprites/RunFrames/RunCycle_6.uasset
[2017.05.21-16.41.54:081][440]SourceControl: Info 	deleted:    AbilityFighter2D/Content/2DSideScroller/Sprites/RunFrames/RunCycle_7.uasset
[2017.05.21-16.41.54:081][440]SourceControl: Info 	deleted:    AbilityFighter2D/Content/2DSideScroller/Sprites/RunFrames/RunCycle_8.uasset
[2017.05.21-16.41.54:081][440]SourceControl: Info 	deleted:    AbilityFighter2D/Content/2DSideScroller/Sprites/RunFrames/RunCycle_9.uasset
[2017.05.21-16.41.54:081][440]SourceControl: Info 	deleted:    AbilityFighter2D/Content/2DSideScroller/Sprites/RunningAnimation.uasset
[2017.05.21-16.41.54:081][440]SourceControl: Info 	deleted:    AbilityFighter2D/Content/2DSideScroller/Textures/2DBackground.uasset
[2017.05.21-16.41.54:081][440]SourceControl: Info 	deleted:    AbilityFighter2D/Content/2DSideScroller/Textures/2DBackgroundBlockAtlas.uasset
[2017.05.21-16.41.54:081][440]SourceControl: Info 	deleted:    AbilityFighter2D/Content/2DSideScroller/Textures/2DBackgroundTile.uasset
[2017.05.21-16.41.54:081][440]SourceControl: Info 	deleted:    AbilityFighter2D/Content/2DSideScroller/Textures/2DCharacter_IdleAnimAtlas.uasset
[2017.05.21-16.41.54:081][440]SourceControl: Info 	deleted:    AbilityFighter2D/Content/2DSideScroller/Textures/2DCharacter_RunAnimAtlas.uasset
[2017.05.21-16.41.54:081][440]SourceControl: Info 	deleted:    AbilityFighter2D/Content/2DSideScrollerBP/2DSideScrollerOverview.uasset
[2017.05.21-16.41.54:081][440]SourceControl: Info 	deleted:    AbilityFighter2D/Content/2DSideScrollerBP/Blueprints/2DSideScrollerCharacter.uasset
[2017.05.21-16.41.54:081][440]SourceControl: Info 	deleted:    AbilityFighter2D/Content/2DSideScrollerBP/Blueprints/2DSideScrollerGameMode.uasset
[2017.05.21-16.41.54:081][440]SourceControl: Info 	deleted:    AbilityFighter2D/Content/2DSideScrollerBP/Maps/2DSideScrollerExampleMap.umap
[2017.05.21-16.41.54:082][440]SourceControl: Info 	deleted:    AbilityFighter2D/Intermediate/AssetRegistryCache/1d5167fa.bin
[2017.05.21-16.41.54:082][440]SourceControl: Info 	deleted:    AbilityFighter2D/Intermediate/AssetRegistryCache/2657c409.bin
[2017.05.21-16.41.54:082][440]SourceControl: Info 	deleted:    AbilityFighter2D/Intermediate/AssetRegistryCache/5a627529.bin
[2017.05.21-16.41.54:082][440]SourceControl: Info 	deleted:    AbilityFighter2D/Intermediate/AssetRegistryCache/866581fd.bin
[2017.05.21-16.41.54:082][440]SourceControl: Info 	deleted:    AbilityFighter2D/Intermediate/AssetRegistryCache/8c0e1344.bin
[2017.05.21-16.41.54:082][440]SourceControl: Info 	deleted:    AbilityFighter2D/Intermediate/AssetRegistryCache/94c5d5a7.bin
[2017.05.21-16.41.54:082][440]SourceControl: Info 	deleted:    AbilityFighter2D/Intermediate/CachedAssetRegistry.bin
[2017.05.21-16.41.54:082][440]SourceControl: Info 	deleted:    AbilityFighter2D/Intermediate/Config/CoalescedSourceConfigs/Compat.ini
[2017.05.21-16.41.54:082][440]SourceControl: Info 	deleted:    AbilityFighter2D/Intermediate/Config/CoalescedSourceConfigs/DeviceProfiles.ini
[2017.05.21-16.41.54:082][440]SourceControl: Info 	deleted:    AbilityFighter2D/Intermediate/Config/CoalescedSourceConfigs/Editor.ini
[2017.05.21-16.41.54:082][440]SourceControl: Info 	deleted:    AbilityFighter2D/Intermediate/Config/CoalescedSourceConfigs/EditorKeyBindings.ini
[2017.05.21-16.41.54:082][440]SourceControl: Info 	deleted:    AbilityFighter2D/Intermediate/Config/CoalescedSourceConfigs/EditorLayout.ini
[2017.05.21-16.41.54:082][440]SourceControl: Info 	deleted:    AbilityFighter2D/Intermediate/Config/CoalescedSourceConfigs/EditorPerProjectUserSettings.ini
[2017.05.21-16.41.54:082][440]SourceControl: Info 	deleted:    AbilityFighter2D/Intermediate/Config/CoalescedSourceConfigs/EditorSettings.ini
[2017.05.21-16.41.54:082][440]SourceControl: Info 	deleted:    AbilityFighter2D/Intermediate/Config/CoalescedSourceConfigs/Engine.ini
[2017.05.21-16.41.54:082][440]SourceControl: Info 	deleted:    AbilityFighter2D/Intermediate/Config/CoalescedSourceConfigs/Game.ini
[2017.05.21-16.41.54:082][440]SourceControl: Info 	deleted:    AbilityFighter2D/Intermediate/Config/CoalescedSourceConfigs/GameUserSettings.ini
[2017.05.21-16.41.54:082][440]SourceControl: Info 	deleted:    AbilityFighter2D/Intermediate/Config/CoalescedSourceConfigs/GameplayTags.ini
[2017.05.21-16.41.54:082][440]SourceControl: Info 	deleted:    AbilityFighter2D/Intermediate/Config/CoalescedSourceConfigs/GameplayTagsList.ini
[2017.05.21-16.41.54:082][440]SourceControl: Info 	deleted:    AbilityFighter2D/Intermediate/Config/CoalescedSourceConfigs/Hardware.ini
[2017.05.21-16.41.54:082][440]SourceControl: Info 	deleted:    AbilityFighter2D/Intermediate/Config/CoalescedSourceConfigs/Input.ini
[2017.05.21-16.41.54:082][440]SourceControl: Info 	deleted:    AbilityFighter2D/Intermediate/Config/CoalescedSourceConfigs/InternationalizationExport.ini
[2017.05.21-16.41.54:082][440]SourceControl: Info 	deleted:    AbilityFighter2D/Intermediate/Config/CoalescedSourceConfigs/Lightmass.ini
[2017.05.21-16.41.54:082][440]SourceControl: Info 	deleted:    AbilityFighter2D/Intermediate/Config/CoalescedSourceConfigs/LocalizationServiceSettings.ini
[2017.05.21-16.41.54:082][440]SourceControl: Info 	deleted:    AbilityFighter2D/Intermediate/Config/CoalescedSourceConfigs/Scalability.ini
[2017.05.21-16.41.54:082][440]SourceControl: Info 	deleted:    AbilityFighter2D/Intermediate/Config/CoalescedSourceConfigs/SourceControlSettings.ini
[2017.05.21-16.41.54:082][440]SourceControl: Info 	deleted:    AbilityFighter2D/Intermediate/Config/CoalescedSourceConfigs/TemplateDefs.ini
[2017.05.21-16.41.54:082][440]SourceControl: Info 	deleted:    AbilityFighter2D/Intermediate/Config/CoalescedSourceConfigs/TranslationPickerSettings.ini
[2017.05.21-16.41.54:082][440]SourceControl: Info 	deleted:    AbilityFighter2D/Intermediate/ReimportCache/3688439234.bin
[2017.05.21-16.41.54:082][440]SourceControl: Info 	deleted:    AbilityFighter2D/Saved/Autosaves/PackageRestoreData.json
[2017.05.21-16.41.54:082][440]SourceControl: Info 	deleted:    AbilityFighter2D/Saved/Backup/2DSideScrollerExampleMap_2017-05-18-21-24-07.umap
[2017.05.21-16.41.54:082][440]SourceControl: Info 	deleted:    AbilityFighter2D/Saved/Backup/2DSideScrollerExampleMap_BuiltData_2017-05-18-21-24-08.uasset
[2017.05.21-16.41.54:082][440]SourceControl: Info 	deleted:    AbilityFighter2D/Saved/Config/Windows/Compat.ini
[2017.05.21-16.41.54:082][440]SourceControl: Info 	deleted:    AbilityFighter2D/Saved/Config/Windows/DeviceProfiles.ini
[2017.05.21-16.41.54:082][440]SourceControl: Info 	deleted:    AbilityFighter2D/Saved/Config/Windows/Editor.ini
[2017.05.21-16.41.54:082][440]SourceControl: Info 	deleted:    AbilityFighter2D/Saved/Config/Windows/EditorPerProjectUserSettings.ini
[2017.05.21-16.41.54:082][440]SourceControl: Info 	deleted:    AbilityFighter2D/Saved/Config/Windows/Engine.ini
[2017.05.21-16.41.54:082][440]SourceControl: Info 	deleted:    AbilityFighter2D/Saved/Config/Windows/Game.ini
[2017.05.21-16.41.54:082][440]SourceControl: Info 	deleted:    AbilityFighter2D/Saved/Config/Windows/GameUserSettings.ini
[2017.05.21-16.41.54:082][440]SourceControl: Info 	deleted:    AbilityFighter2D/Saved/Config/Windows/GameplayTags.ini
[2017.05.21-16.41.54:082][440]SourceControl: Info 	deleted:    AbilityFighter2D/Saved/Config/Windows/GameplayTagsList.ini
[2017.05.21-16.41.54:082][440]SourceControl: Info 	deleted:    AbilityFighter2D/Saved/Config/Windows/Hardware.ini
[2017.05.21-16.41.54:082][440]SourceControl: Info 	deleted:    AbilityFighter2D/Saved/Config/Windows/Input.ini
[2017.05.21-16.41.54:082][440]SourceControl: Info 	deleted:    AbilityFighter2D/Saved/Config/Windows/InternationalizationExport.ini
[2017.05.21-16.41.54:083][440]SourceControl: Info 	deleted:    AbilityFighter2D/Saved/Config/Windows/Lightmass.ini
[2017.05.21-16.41.54:083][440]SourceControl: Info 	deleted:    AbilityFighter2D/Saved/Config/Windows/LocalizationServiceSettings.ini
[2017.05.21-16.41.54:083][440]SourceControl: Info 	deleted:    AbilityFighter2D/Saved/Config/Windows/Scalability.ini
[2017.05.21-16.41.54:083][440]SourceControl: Info 	deleted:    AbilityFighter2D/Saved/Config/Windows/SourceControlSettings.ini
[2017.05.21-16.41.54:083][440]SourceControl: Info 	deleted:    AbilityFighter2D/Saved/Config/Windows/TemplateDefs.ini
[2017.05.21-16.41.54:083][440]SourceControl: Info 	deleted:    AbilityFighter2D/Saved/Config/Windows/TranslationPickerSettings.ini
[2017.05.21-16.41.54:083][440]SourceControl: Info 	deleted:    AbilityFighter2D/Saved/Config/WorldState/2301629174.json
[2017.05.21-16.41.54:083][440]SourceControl: Info 	deleted:    AbilityFighter2D/Saved/Logs/AbilityFighter2D.log
[2017.05.21-16.41.54:083][440]SourceControl: Info 	deleted:    AbilityFighter2D/Saved/Logs/UE4CC-Windows-971507C34D81027375524C9E09039642/CrashReportClient.ini
[2017.05.21-16.41.54:083][440]SourceControl: Info 	deleted:    AbilityFighter2D/Saved/Logs/UE4CC-Windows-971507C34D81027375524C9E09039642_0000/AbilityFighter2D.log
[2017.05.21-16.41.54:083][440]SourceControl: Info 	deleted:    AbilityFighter2D/Saved/Logs/UE4CC-Windows-971507C34D81027375524C9E09039642_0000/CrashContext.runtime-xml
[2017.05.21-16.41.54:083][440]SourceControl: Info 	deleted:    AbilityFighter2D/Saved/Logs/UE4CC-Windows-971507C34D81027375524C9E09039642_0000/CrashReportClient.ini
[2017.05.21-16.41.54:083][440]SourceControl: Info 	deleted:    AbilityFighter2D/Saved/Logs/UE4CC-Windows-971507C34D81027375524C9E09039642_0000/UE4Minidump.dmp
[2017.05.21-16.41.54:083][440]SourceControl: Info Untracked files:
[2017.05.21-16.41.54:083][440]SourceControl: Info   (use "git add <file>..." to include in what will be committed)
[2017.05.21-16.41.54:083][440]SourceControl: Info 	SuperHot/
[2017.05.21-16.41.54:083][440]SourceControl: Info no changes added to commit (use "git add" and/or "git commit -a")
[2017.05.21-16.48.13:115][647]LogSlate: Took 0.000233 seconds to synchronously load lazily loaded font '../../../Engine/Content/Slate/Fonts/Roboto-Light.ttf' (159K)
[2017.05.21-16.48.13:405][647]LogSavePackage: Save=215.69ms
[2017.05.21-16.48.13:405][647]LogSavePackage: Moving '../../../../../../Dev/Unreal/SuperHot/Saved/TopDownExampleMap43942BA4452E603EFA8C39924CDF649B.tmp' to '../../../../../../Dev/Unreal/SuperHot/Content/TopDownBP/Maps/TopDownExampleMap.umap'
[2017.05.21-16.48.13:409][647]LogSavePackage:Display: Finished SavePackage ../../../../../../Dev/Unreal/SuperHot/Content/TopDownBP/Maps/TopDownExampleMap.umap
[2017.05.21-16.48.13:522][647]Cmd: OBJ SAVEPACKAGE PACKAGE="/Game/TopDownBP/Maps/TopDownExampleMap_BuiltData" FILE="../../../../../../Dev/Unreal/SuperHot/Content/TopDownBP/Maps/TopDownExampleMap_BuiltData.uasset" SILENT=true
[2017.05.21-16.48.13:942][647]LogSavePackage: Save=413.05ms
[2017.05.21-16.48.13:942][647]LogSavePackage: Moving '../../../../../../Dev/Unreal/SuperHot/Saved/TopDownExampleMap_BuiltData889AD6294230A9EEF349D0BE45A3D0F6.tmp' to '../../../../../../Dev/Unreal/SuperHot/Content/TopDownBP/Maps/TopDownExampleMap_BuiltData.uasset'
[2017.05.21-16.48.13:944][647]LogSavePackage:Display: Finished SavePackage ../../../../../../Dev/Unreal/SuperHot/Content/TopDownBP/Maps/TopDownExampleMap_BuiltData.uasset
[2017.05.21-16.48.16:463][711]Cmd: QUIT_EDITOR
[2017.05.21-16.48.16:567][711]LogExit: Preparing to exit.
[2017.05.21-16.48.17:516][711]LogDirectoryWatcher: A directory notification for 'C:/Dev/Unreal/SuperHot/Content/' was aborted.
[2017.05.21-16.48.17:573][711]LogExit: Editor shut down
[2017.05.21-16.48.17:573][711]LogExit: Transaction tracking system shut down
[2017.05.21-16.48.17:698][711]LogObj: Freed 0b from 0 cluster array pools.
[2017.05.21-16.48.17:698][711]LogExit: Object subsystem successfully closed.
[2017.05.21-16.48.17:704][711]LogD3D11RHI: Shutdown
[2017.05.21-16.48.17:704][711]LogD3D11RHI: CleanupD3DDevice
[2017.05.21-16.48.17:805][711]LogD3D11RHI: ~FD3D11DynamicRHI
[2017.05.21-16.48.17:832][711]LogModuleManager: Shutting down and abandoning module HierarchicalLODOutliner (498)
[2017.05.21-16.48.17:832][711]LogModuleManager: Shutting down and abandoning module CrashTracker (496)
[2017.05.21-16.48.17:832][711]LogModuleManager: Shutting down and abandoning module SceneOutliner (494)
[2017.05.21-16.48.17:832][711]LogModuleManager: Shutting down and abandoning module AddContentDialog (492)
[2017.05.21-16.48.17:832][711]LogDirectoryWatcher: A directory notification for 'C:/Program Files/Epic Games/UE_4.15/FeaturePacks/' was aborted.
[2017.05.21-16.48.17:834][711]LogModuleManager: Shutting down and abandoning module WidgetCarousel (491)
[2017.05.21-16.48.17:834][711]LogModuleManager: Shutting down and abandoning module EditorWidgets (488)
[2017.05.21-16.48.17:834][711]LogModuleManager: Shutting down and abandoning module CollectionManager (486)
[2017.05.21-16.48.17:834][711]LogDirectoryWatcher: A directory notification for 'C:/Dev/Unreal/SuperHot/Content/Collections/' was aborted.
[2017.05.21-16.48.17:834][711]LogDirectoryWatcher: A directory notification for 'C:/Dev/Unreal/SuperHot/Content/Developers/gosu/Collections/' was aborted.
[2017.05.21-16.48.17:834][711]LogDirectoryWatcher: A directory notification for 'C:/Dev/Unreal/SuperHot/Saved/Collections/' was aborted.
[2017.05.21-16.48.17:834][711]LogModuleManager: Shutting down and abandoning module StatsViewer (484)
[2017.05.21-16.48.17:834][711]LogModuleManager: Shutting down and abandoning module FoliageEdit (482)
[2017.05.21-16.48.17:834][711]LogModuleManager: Shutting down and abandoning module LandscapeEditor (480)
[2017.05.21-16.48.17:834][711]LogModuleManager: Shutting down and abandoning module SceneDepthPickerMode (478)
[2017.05.21-16.48.17:834][711]LogModuleManager: Shutting down and abandoning module ActorPickerMode (476)
[2017.05.21-16.48.17:835][711]LogModuleManager: Shutting down and abandoning module GeometryMode (474)
[2017.05.21-16.48.17:835][711]LogModuleManager: Shutting down and abandoning module TextureAlignMode (472)
[2017.05.21-16.48.17:835][711]LogModuleManager: Shutting down and abandoning module BspMode (470)
[2017.05.21-16.48.17:835][711]LogModuleManager: Shutting down and abandoning module HardwareSurvey (468)
[2017.05.21-16.48.17:835][711]LogModuleManager: Shutting down and abandoning module SequenceRecorderSections (466)
[2017.05.21-16.48.17:835][711]LogModuleManager: Shutting down and abandoning module AutomationWorker (464)
[2017.05.21-16.48.17:835][711]LogModuleManager: Shutting down and abandoning module MatineeToLevelSequence (462)
[2017.05.21-16.48.17:835][711]LogModuleManager: Shutting down and abandoning module LevelSequenceEditor (460)
[2017.05.21-16.48.17:835][711]LogModuleManager: Shutting down and abandoning module PlacementMode (459)
[2017.05.21-16.48.17:835][711]LogModuleManager: Shutting down and abandoning module WmfMediaFactory (456)
[2017.05.21-16.48.17:835][711]LogModuleManager: Shutting down and abandoning module WmfMediaEditor (454)
[2017.05.21-16.48.17:835][711]LogModuleManager: Shutting down and abandoning module MfMediaFactory (452)
[2017.05.21-16.48.17:835][711]LogModuleManager: Shutting down and abandoning module MfMediaEditor (450)
[2017.05.21-16.48.17:835][711]LogModuleManager: Shutting down and abandoning module AvfMediaFactory (448)
[2017.05.21-16.48.17:835][711]LogModuleManager: Shutting down and abandoning module AvfMediaEditor (446)
[2017.05.21-16.48.17:835][711]LogModuleManager: Shutting down and abandoning module AndroidMediaFactory (444)
[2017.05.21-16.48.17:835][711]LogModuleManager: Shutting down and abandoning module Media (443)
[2017.05.21-16.48.17:835][711]LogModuleManager: Shutting down and abandoning module AndroidMediaEditor (440)
[2017.05.21-16.48.17:835][711]LogModuleManager: Shutting down and abandoning module CharacterAI (438)
[2017.05.21-16.48.17:835][711]LogModuleManager: Shutting down and abandoning module AudioCapture (436)
[2017.05.21-16.48.17:835][711]LogModuleManager: Shutting down and abandoning module SequenceRecorder (435)
[2017.05.21-16.48.17:835][711]LogModuleManager: Shutting down and abandoning module SmartSnapping (432)
[2017.05.21-16.48.17:835][711]LogModuleManager: Shutting down and abandoning module SessionServices (430)
[2017.05.21-16.48.17:835][711]LogModuleManager: Shutting down and abandoning module ViewportSnapping (428)
[2017.05.21-16.48.17:835][711]LogModuleManager: Shutting down and abandoning module ViewportInteraction (426)
[2017.05.21-16.48.17:835][711]LogModuleManager: Shutting down and abandoning module LogVisualizer (424)
[2017.05.21-16.48.17:835][711]LogModuleManager: Shutting down and abandoning module IntroTutorials (422)
[2017.05.21-16.48.17:835][711]LogModuleManager: Shutting down and abandoning module GameProjectGeneration (421)
[2017.05.21-16.48.17:835][711]LogModuleManager: Shutting down and abandoning module EditorLiveStreaming (418)
[2017.05.21-16.48.17:835][711]LogModuleManager: Shutting down and abandoning module IOSPlatformEditor (416)
[2017.05.21-16.48.17:835][711]LogModuleManager: Shutting down and abandoning module HTML5PlatformEditor (414)
[2017.05.21-16.48.17:835][711]LogModuleManager: Shutting down and abandoning module AndroidPlatformEditor (412)
[2017.05.21-16.48.17:835][711]LogModuleManager: Shutting down and abandoning module AndroidDeviceDetection (411)
[2017.05.21-16.48.17:908][711]LogModuleManager: Shutting down and abandoning module IOSRuntimeSettings (408)
[2017.05.21-16.48.17:908][711]LogModuleManager: Shutting down and abandoning module AndroidRuntimeSettings (406)
[2017.05.21-16.48.17:908][711]LogModuleManager: Shutting down and abandoning module InputBindingEditor (404)
[2017.05.21-16.48.17:908][711]LogModuleManager: Shutting down and abandoning module NiagaraEditor (402)
[2017.05.21-16.48.17:908][711]LogModuleManager: Shutting down and abandoning module MergeActors (400)
[2017.05.21-16.48.17:908][711]LogModuleManager: Shutting down and abandoning module SizeMap (398)
[2017.05.21-16.48.17:908][711]LogModuleManager: Shutting down and abandoning module TreeMap (396)
[2017.05.21-16.48.17:908][711]LogModuleManager: Shutting down and abandoning module ReferenceViewer (394)
[2017.05.21-16.48.17:908][711]LogModuleManager: Shutting down and abandoning module LocalizationDashboard (392)
[2017.05.21-16.48.17:908][711]LogModuleManager: Shutting down and abandoning module LocalizationService (391)
[2017.05.21-16.48.17:908][711]LogModuleManager: Shutting down and abandoning module HardwareTargeting (388)
[2017.05.21-16.48.17:908][711]LogModuleManager: Shutting down and abandoning module DeviceProfileEditor (386)
[2017.05.21-16.48.17:908][711]LogModuleManager: Shutting down and abandoning module UndoHistory (384)
[2017.05.21-16.48.17:908][711]LogModuleManager: Shutting down and abandoning module UserFeedback (382)
[2017.05.21-16.48.17:908][711]LogModuleManager: Shutting down and abandoning module XmlParser (380)
[2017.05.21-16.48.17:908][711]LogModuleManager: Shutting down and abandoning module Blutility (378)
[2017.05.21-16.48.17:909][711]LogModuleManager: Shutting down and abandoning module ProjectSettingsViewer (376)
[2017.05.21-16.48.17:909][711]LogModuleManager: Shutting down and abandoning module ProjectTargetPlatformEditor (375)
[2017.05.21-16.48.17:909][711]LogModuleManager: Shutting down and abandoning module EditorSettingsViewer (372)
[2017.05.21-16.48.17:909][711]LogModuleManager: Shutting down and abandoning module SettingsEditor (370)
[2017.05.21-16.48.17:909][711]LogModuleManager: Shutting down and abandoning module ProjectLauncher (368)
[2017.05.21-16.48.17:909][711]LogModuleManager: Shutting down and abandoning module SessionFrontend (366)
[2017.05.21-16.48.17:909][711]LogModuleManager: Shutting down and abandoning module ProfilerClient (364)
[2017.05.21-16.48.17:909][711]LogModuleManager: Shutting down and abandoning module DeviceManager (362)
[2017.05.21-16.48.17:909][711]LogModuleManager: Shutting down and abandoning module TargetDeviceServices (361)
[2017.05.21-16.48.17:949][711]LogModuleManager: Shutting down and abandoning module AutomationController (358)
[2017.05.21-16.48.17:949][711]LogModuleManager: Shutting down and abandoning module AutomationWindow (356)
[2017.05.21-16.48.17:949][711]LogModuleManager: Shutting down and abandoning module Layers (354)
[2017.05.21-16.48.17:949][711]LogModuleManager: Shutting down and abandoning module ComponentVisualizers (352)
[2017.05.21-16.48.17:949][711]LogModuleManager: Shutting down and abandoning module DetailCustomizations (350)
[2017.05.21-16.48.17:949][711]LogModuleManager: Shutting down and abandoning module PackagesDialog (348)
[2017.05.21-16.48.17:949][711]LogModuleManager: Shutting down and abandoning module Persona (346)
[2017.05.21-16.48.17:949][711]LogModuleManager: Shutting down and abandoning module AnimGraph (345)
[2017.05.21-16.48.17:949][711]LogModuleManager: Shutting down and abandoning module Kismet (342)
[2017.05.21-16.48.17:950][711]LogModuleManager: Shutting down and abandoning module GraphEditor (340)
[2017.05.21-16.48.17:950][711]LogModuleManager: Shutting down and abandoning module ClassViewer (338)
[2017.05.21-16.48.17:950][711]LogModuleManager: Shutting down and abandoning module Toolbox (336)
[2017.05.21-16.48.17:950][711]LogModuleManager: Shutting down and abandoning module ModuleUI (334)
[2017.05.21-16.48.17:950][711]LogModuleManager: Shutting down and abandoning module MovieSceneTools (332)
[2017.05.21-16.48.17:950][711]LogModuleManager: Shutting down and abandoning module OutputLog (330)
[2017.05.21-16.48.17:950][711]LogModuleManager: Shutting down and abandoning module GammaUI (328)
[2017.05.21-16.48.17:950][711]LogModuleManager: Shutting down and abandoning module Documentation (326)
[2017.05.21-16.48.17:950][711]LogModuleManager: Shutting down and abandoning module Niagara (324)
[2017.05.21-16.48.17:950][711]LogModuleManager: Shutting down and abandoning module StreamingPauseRendering (322)
[2017.05.21-16.48.17:950][711]LogModuleManager: Shutting down and abandoning module AnalyticsET (320)
[2017.05.21-16.48.17:950][711]LogModuleManager: Shutting down and abandoning module PortalServices (318)
[2017.05.21-16.48.17:950][711]LogModuleManager: Shutting down and abandoning module PortalRpc (316)
[2017.05.21-16.48.17:950][711]LogModuleManager: Shutting down and abandoning module MessagingRpc (314)
[2017.05.21-16.48.17:950][711]LogModuleManager: Shutting down and abandoning module AIModule (312)
[2017.05.21-16.48.17:950][711]LogModuleManager: Shutting down and abandoning module GameplayDebugger (311)
[2017.05.21-16.48.17:950][711]LogModuleManager: Shutting down and abandoning module AITestSuite (309)
[2017.05.21-16.48.17:950][711]LogModuleManager: Shutting down and abandoning module ProfilerService (306)
[2017.05.21-16.48.18:091][711]LogModuleManager: Shutting down and abandoning module TaskGraph (304)
[2017.05.21-16.48.18:091][711]LogModuleManager: Shutting down and abandoning module SteamVRController (302)
[2017.05.21-16.48.18:091][711]LogModuleManager: Shutting down and abandoning module SteamVR (300)
[2017.05.21-16.48.18:091][711]LogModuleManager: Shutting down and abandoning module ProceduralMeshComponentEditor (298)
[2017.05.21-16.48.18:091][711]LogModuleManager: Shutting down and abandoning module ProceduralMeshComponent (296)
[2017.05.21-16.48.18:091][711]LogModuleManager: Shutting down and abandoning module OculusLibrary (294)
[2017.05.21-16.48.18:091][711]LogModuleManager: Shutting down and abandoning module OculusInput (292)
[2017.05.21-16.48.18:091][711]LogModuleManager: Shutting down and abandoning module MobilePatchingUtils (290)
[2017.05.21-16.48.18:091][711]LogModuleManager: Shutting down and abandoning module CustomMeshComponent (288)
[2017.05.21-16.48.18:091][711]LogModuleManager: Shutting down and abandoning module CableComponent (286)
[2017.05.21-16.48.18:091][711]LogModuleManager: Shutting down and abandoning module ArchVisCharacter (284)
[2017.05.21-16.48.18:091][711]LogModuleManager: Shutting down and abandoning module MediaPlayerEditor (280)
[2017.05.21-16.48.18:091][711]LogModuleManager: Shutting down and abandoning module HTML5Networking (278)
[2017.05.21-16.48.18:091][711]LogModuleManager: Shutting down and abandoning module AlembicImporter (276)
[2017.05.21-16.48.18:091][711]LogModuleManager: Shutting down and abandoning module AlembicLibrary (275)
[2017.05.21-16.48.18:091][711]LogModuleManager: Shutting down and abandoning module GeometryCache (274)
[2017.05.21-16.48.18:091][711]LogModuleManager: Shutting down and abandoning module GeometryCacheEd (273)
[2017.05.21-16.48.18:091][711]LogModuleManager: Shutting down and abandoning module SuperSearchEditor (268)
[2017.05.21-16.48.18:091][711]LogModuleManager: Shutting down and abandoning module SuperSearch (267)
[2017.05.21-16.48.18:091][711]LogModuleManager: Shutting down and abandoning module SpeedTreeImporter (264)
[2017.05.21-16.48.18:091][711]LogModuleManager: Shutting down and abandoning module PluginBrowser (262)
[2017.05.21-16.48.18:091][711]LogModuleManager: Shutting down and abandoning module MobileLauncherProfileWizard (260)
[2017.05.21-16.48.18:091][711]LogModuleManager: Shutting down and abandoning module EpicSurvey (258)
[2017.05.21-16.48.18:092][711]LogModuleManager: Shutting down and abandoning module VisualStudioSourceCodeAccess (256)
[2017.05.21-16.48.18:092][711]LogModuleManager: Shutting down and abandoning module DesktopPlatform (255)
[2017.05.21-16.48.18:092][711]LogModuleManager: Shutting down and abandoning module UObjectPlugin (252)
[2017.05.21-16.48.18:092][711]LogModuleManager: Shutting down and abandoning module SubversionSourceControl (250)
[2017.05.21-16.48.18:092][711]LogModuleManager: Shutting down and abandoning module PerforceSourceControl (248)
[2017.05.21-16.48.18:092][711]LogModuleManager: Shutting down and abandoning module GitSourceControl (246)
[2017.05.21-16.48.18:092][711]LogModuleManager: Shutting down and abandoning module SourceControl (245)
[2017.05.21-16.48.18:092][711]LogModuleManager: Shutting down and abandoning module LightPropagationVolumeEditor (242)
[2017.05.21-16.48.18:092][711]LogModuleManager: Shutting down and abandoning module PaperTiledImporter (240)
[2017.05.21-16.48.18:092][711]LogModuleManager: Shutting down and abandoning module PaperSpriteSheetImporter (238)
[2017.05.21-16.48.18:092][711]LogModuleManager: Shutting down and abandoning module Paper2DEditor (236)
[2017.05.21-16.48.18:092][711]LogModuleManager: Shutting down and abandoning module MeshPaint (235)
[2017.05.21-16.48.18:092][711]LogModuleManager: Shutting down and abandoning module LevelEditor (233)
[2017.05.21-16.48.18:093][711]LogModuleManager: Shutting down and abandoning module PixelInspectorModule (232)
[2017.05.21-16.48.18:093][711]LogModuleManager: Shutting down and abandoning module MainFrame (230)
[2017.05.21-16.48.18:093][711]LogModuleManager: Shutting down and abandoning module HotReload (229)
[2017.05.21-16.48.18:094][711]LogModuleManager: Shutting down and abandoning module ContentBrowser (225)
[2017.05.21-16.48.18:095][711]LogModuleManager: Shutting down and abandoning module PhysXVehiclesEditor (222)
[2017.05.21-16.48.18:095][711]LogModuleManager: Shutting down and abandoning module PhysXVehicles (220)
[2017.05.21-16.48.18:095][711]LogModuleManager: Shutting down and abandoning module LocationServicesBPLibrary (218)
[2017.05.21-16.48.18:095][711]LogModuleManager: Shutting down and abandoning module UdpMessaging (216)
[2017.05.21-16.48.18:195][711]LogModuleManager: Shutting down and abandoning module TcpMessaging (214)
[2017.05.21-16.48.18:295][711]LogModuleManager: Shutting down and abandoning module GameplayTagsEditor (212)
[2017.05.21-16.48.18:295][711]LogModuleManager: Shutting down and abandoning module FacialAnimationEditor (210)
[2017.05.21-16.48.18:295][711]LogModuleManager: Shutting down and abandoning module FacialAnimation (208)
[2017.05.21-16.48.18:295][711]LogModuleManager: Shutting down and abandoning module LightPropagationVolumeRuntime (206)
[2017.05.21-16.48.18:295][711]LogModuleManager: Shutting down and abandoning module Paper2D (204)
[2017.05.21-16.48.18:295][711]LogModuleManager: Shutting down and abandoning module WindowsMoviePlayer (202)
[2017.05.21-16.48.18:295][711]LogModuleManager: Shutting down and abandoning module WmfMedia (200)
[2017.05.21-16.48.18:295][711]LogModuleManager: Shutting down and abandoning module MfMedia (198)
[2017.05.21-16.48.18:295][711]LogModuleManager: Shutting down and abandoning module MediaAssets (196)
[2017.05.21-16.48.18:295][711]LogModuleManager: Shutting down and abandoning module GameLiveStreaming (194)
[2017.05.21-16.48.18:296][711]LogModuleManager: Shutting down and abandoning module VREditor (192)
[2017.05.21-16.48.18:296][711]LogModuleManager: Shutting down and abandoning module GameplayTasksEditor (190)
[2017.05.21-16.48.18:296][711]LogModuleManager: Shutting down and abandoning module BehaviorTreeEditor (188)
[2017.05.21-16.48.18:296][711]LogModuleManager: Shutting down and abandoning module FunctionalTesting (186)
[2017.05.21-16.48.18:296][711]LogModuleManager: Shutting down and abandoning module CollisionAnalyzer (184)
[2017.05.21-16.48.18:296][711]LogModuleManager: Shutting down and abandoning module UMG (182)
[2017.05.21-16.48.18:296][711]LogModuleManager: Shutting down and abandoning module UMGEditor (181)
[2017.05.21-16.48.18:296][711]LogModuleManager: Shutting down and abandoning module Sequencer (180)
[2017.05.21-16.48.18:296][711]LogModuleManager: Shutting down and abandoning module AssetTools (178)
[2017.05.21-16.48.18:296][711]LogModuleManager: Shutting down and abandoning module MessageLog (177)
[2017.05.21-16.48.18:296][711]LogModuleManager: Shutting down and abandoning module WorkspaceMenuStructure (176)
[2017.05.21-16.48.18:296][711]LogModuleManager: Shutting down and abandoning module SlateReflector (170)
[2017.05.21-16.48.18:296][711]LogModuleManager: Shutting down and abandoning module Slate (168)
[2017.05.21-16.48.18:296][711]LogModuleManager: Shutting down and abandoning module EditorStyle (166)
[2017.05.21-16.48.18:300][711]LogModuleManager: Shutting down and abandoning module SourceCodeAccess (164)
[2017.05.21-16.48.18:300][711]LogModuleManager: Shutting down and abandoning module HeadMountedDisplay (162)
[2017.05.21-16.48.18:300][711]LogModuleManager: Shutting down and abandoning module XAudio2 (160)
[2017.05.21-16.48.18:300][711]LogModuleManager: Shutting down and abandoning module Networking (158)
[2017.05.21-16.48.18:300][711]LogModuleManager: Shutting down and abandoning module Core (154)
[2017.05.21-16.48.18:300][711]LogModuleManager: Shutting down and abandoning module AssetRegistry (152)
[2017.05.21-16.48.18:385][711]LogDirectoryWatcher: A directory notification for '../../../Engine/Content/' was aborted.
[2017.05.21-16.48.18:385][711]LogDirectoryWatcher: A directory notification for '../../../../../../Dev/Unreal/SuperHot/Content/' was aborted.
[2017.05.21-16.48.18:385][711]LogDirectoryWatcher: A directory notification for '../../../Engine/Plugins/2D/Paper2D/Content/' was aborted.
[2017.05.21-16.48.18:386][711]LogModuleManager: Shutting down and abandoning module DirectoryWatcher (151)
[2017.05.21-16.48.18:387][711]LogModuleManager: Shutting down and abandoning module KismetCompiler (148)
[2017.05.21-16.48.18:387][711]LogModuleManager: Shutting down and abandoning module PhysXFormats (146)
[2017.05.21-16.48.18:387][711]LogModuleManager: Shutting down and abandoning module MeshUtilities (144)
[2017.05.21-16.48.18:387][711]LogModuleManager: Shutting down and abandoning module SimplygonSwarm (143)
[2017.05.21-16.48.18:387][711]LogModuleManager: Shutting down and abandoning module SimplygonMeshReduction (141)
[2017.05.21-16.48.18:387][711]LogModuleManager: Shutting down and abandoning module QuadricMeshReduction (139)
[2017.05.21-16.48.18:387][711]LogModuleManager: Shutting down and abandoning module PropertyEditor (137)
[2017.05.21-16.48.18:387][711]LogModuleManager: Shutting down and abandoning module DerivedDataCache (134)
[2017.05.21-16.48.18:440][711]LogDerivedDataCache: Shutdown
[2017.05.21-16.48.18:440][711]LogModuleManager: Shutting down and abandoning module TargetPlatform (132)
[2017.05.21-16.48.18:440][711]LogModuleManager: Shutting down and abandoning module VulkanShaderFormat (131)
[2017.05.21-16.48.18:440][711]LogModuleManager: Shutting down and abandoning module ShaderFormatOpenGL (129)
[2017.05.21-16.48.18:440][711]LogModuleManager: Shutting down and abandoning module ShaderFormatD3D (127)
[2017.05.21-16.48.18:440][711]LogModuleManager: Shutting down and abandoning module MetalShaderFormat (125)
[2017.05.21-16.48.18:440][711]LogModuleManager: Shutting down and abandoning module TextureFormatUncompressed (123)
[2017.05.21-16.48.18:440][711]LogModuleManager: Shutting down and abandoning module TextureFormatPVR (121)
[2017.05.21-16.48.18:440][711]LogModuleManager: Shutting down and abandoning module TextureFormatDXT (119)
[2017.05.21-16.48.18:440][711]LogModuleManager: Shutting down and abandoning module TextureFormatIntelISPCTexComp (117)
[2017.05.21-16.48.18:440][711]LogModuleManager: Shutting down and abandoning module TextureFormatASTC (115)
[2017.05.21-16.48.18:440][711]LogModuleManager: Shutting down and abandoning module ImageWrapper (114)
[2017.05.21-16.48.18:440][711]LogModuleManager: Shutting down and abandoning module TextureFormatAndroid (111)
[2017.05.21-16.48.18:440][711]LogModuleManager: Shutting down and abandoning module AudioFormatOpus (109)
[2017.05.21-16.48.18:440][711]LogModuleManager: Shutting down and abandoning module AudioFormatOgg (107)
[2017.05.21-16.48.18:440][711]LogModuleManager: Shutting down and abandoning module AudioFormatADPCM (105)
[2017.05.21-16.48.18:440][711]LogModuleManager: Shutting down and abandoning module LinuxTargetPlatform (103)
[2017.05.21-16.48.18:441][711]LogModuleManager: Shutting down and abandoning module LinuxServerTargetPlatform (101)
[2017.05.21-16.48.18:441][711]LogModuleManager: Shutting down and abandoning module LinuxNoEditorTargetPlatform (99)
[2017.05.21-16.48.18:441][711]LogModuleManager: Shutting down and abandoning module LinuxClientTargetPlatform (97)
[2017.05.21-16.48.18:441][711]LogModuleManager: Shutting down and abandoning module TVOSTargetPlatform (95)
[2017.05.21-16.48.18:441][711]LogModuleManager: Shutting down and abandoning module Messaging (93)
[2017.05.21-16.48.18:441][711]LogModuleManager: Shutting down and abandoning module IOSTargetPlatform (91)
[2017.05.21-16.48.18:441][711]LogModuleManager: Shutting down and abandoning module HTML5TargetPlatform (89)
[2017.05.21-16.48.18:441][711]LogModuleManager: Shutting down and abandoning module Android_PVRTCTargetPlatform (87)
[2017.05.21-16.48.18:441][711]LogModuleManager: Shutting down and abandoning module Android_MultiTargetPlatform (85)
[2017.05.21-16.48.18:441][711]LogModuleManager: Shutting down and abandoning module Android_ETC2TargetPlatform (83)
[2017.05.21-16.48.18:441][711]LogModuleManager: Shutting down and abandoning module Android_ETC1TargetPlatform (81)
[2017.05.21-16.48.18:441][711]LogModuleManager: Shutting down and abandoning module Android_DXTTargetPlatform (79)
[2017.05.21-16.48.18:441][711]LogModuleManager: Shutting down and abandoning module Android_ATCTargetPlatform (77)
[2017.05.21-16.48.18:441][711]LogModuleManager: Shutting down and abandoning module Android_ASTCTargetPlatform (75)
[2017.05.21-16.48.18:441][711]LogModuleManager: Shutting down and abandoning module AndroidTargetPlatform (73)
[2017.05.21-16.48.18:441][711]LogModuleManager: Shutting down and abandoning module WindowsTargetPlatform (71)
[2017.05.21-16.48.18:441][711]LogModuleManager: Shutting down and abandoning module WindowsServerTargetPlatform (69)
[2017.05.21-16.48.18:441][711]LogModuleManager: Shutting down and abandoning module WindowsNoEditorTargetPlatform (67)
[2017.05.21-16.48.18:441][711]LogModuleManager: Shutting down and abandoning module WindowsClientTargetPlatform (65)
[2017.05.21-16.48.18:441][711]LogModuleManager: Shutting down and abandoning module MacTargetPlatform (63)
[2017.05.21-16.48.18:441][711]LogModuleManager: Shutting down and abandoning module MacServerTargetPlatform (61)
[2017.05.21-16.48.18:441][711]LogModuleManager: Shutting down and abandoning module MacNoEditorTargetPlatform (59)
[2017.05.21-16.48.18:441][711]LogModuleManager: Shutting down and abandoning module MacClientTargetPlatform (57)
[2017.05.21-16.48.18:441][711]LogModuleManager: Shutting down and abandoning module AllDesktopTargetPlatform (55)
[2017.05.21-16.48.18:441][711]LogModuleManager: Shutting down and abandoning module InputCore (52)
[2017.05.21-16.48.18:441][711]LogModuleManager: Shutting down and abandoning module Settings (50)
[2017.05.21-16.48.18:441][711]LogModuleManager: Shutting down and abandoning module OculusRift (48)
[2017.05.21-16.48.18:441][711]LogModuleManager: Shutting down and abandoning module GearVR (46)
[2017.05.21-16.48.18:441][711]LogModuleManager: Shutting down and abandoning module ExampleDeviceProfileSelector (44)
[2017.05.21-16.48.18:441][711]LogModuleManager: Shutting down and abandoning module OnlineBlueprintSupport (42)
[2017.05.21-16.48.18:441][711]LogModuleManager: Shutting down and abandoning module OnlineSubsystem (38)
[2017.05.21-16.48.18:441][711]LogOnline:Display: Unloading online subsystem: NULL
[2017.05.21-16.48.18:441][711]LogModuleManager: Shutting down and abandoning module XMPP (37)
[2017.05.21-16.48.18:441][711]LogModuleManager: Shutting down and abandoning module HTTP (35)
[2017.05.21-16.48.18:441][711]LogHttp:Display: Http module shutting down, but needs to wait on 1 outstanding Http requests:
[2017.05.21-16.48.18:441][711]LogHttp:Display: 	verb=[POST] url=[https://datarouter.ol.epicgames.com/datarouter/api/v1/public/data?SessionID=%7B063BDDF0-44C5-54EF-E4DC-E1A82C5AFCD2%7D&AppID=UEEditor.Rocket.Release&AppVersion=4.15.2-3416026%2B%2B%2BUE4%2BRelease-4.15&UserID=6930258845428ea998f17bbfca78eda6%7C8af3971f54b541dfb4d7a0764e707c94%7Cfccd2832-f76c-4b22-8b6b-88efd4ce6225&AppEnvironment=datacollector-binary&UploadType=eteventstream] status=Processing
[2017.05.21-16.48.18:466][711]LogModuleManager: Shutting down and abandoning module SSL (34)
[2017.05.21-16.48.18:467][711]LogModuleManager: Shutting down and abandoning module AudioEditor (30)
[2017.05.21-16.48.18:467][711]LogModuleManager: Shutting down and abandoning module TextureCompressor (28)
[2017.05.21-16.48.18:468][711]LogModuleManager: Shutting down and abandoning module ShaderCore (26)
[2017.05.21-16.48.18:468][711]LogModuleManager: Shutting down and abandoning module Landscape (24)
[2017.05.21-16.48.18:468][711]LogModuleManager: Shutting down and abandoning module SlateRHIRenderer (22)
[2017.05.21-16.48.18:472][711]LogModuleManager: Shutting down and abandoning module OpenGLDrv (20)
[2017.05.21-16.48.18:472][711]LogModuleManager: Shutting down and abandoning module D3D11RHI (18)
[2017.05.21-16.48.18:472][711]LogModuleManager: Shutting down and abandoning module AnimGraphRuntime (16)
[2017.05.21-16.48.18:472][711]LogModuleManager: Shutting down and abandoning module Renderer (14)
[2017.05.21-16.48.18:472][711]LogModuleManager: Shutting down and abandoning module Engine (12)
[2017.05.21-16.48.18:472][711]LogModuleManager: Shutting down and abandoning module CoreUObject (10)
[2017.05.21-16.48.18:472][711]LogModuleManager: Shutting down and abandoning module NetworkFile (8)
[2017.05.21-16.48.18:472][711]LogModuleManager: Shutting down and abandoning module StreamingFile (6)
[2017.05.21-16.48.18:472][711]LogModuleManager: Shutting down and abandoning module SandboxFile (4)
[2017.05.21-16.48.18:472][711]LogModuleManager: Shutting down and abandoning module PakFile (2)
[2017.05.21-16.48.18:474][711]LogExit: Exiting.
[2017.05.21-16.48.18:485][711]Log file closed, 05/21/17 09:48:18
